2019-08-30 13:37:44.322 DEBUG 832 --- [main] o.s.w.c.s.StandardServletEnvironment     : Adding [servletConfigInitParams] PropertySource with lowest search precedence
2019-08-30 13:37:44.328 DEBUG 832 --- [main] o.s.w.c.s.StandardServletEnvironment     : Adding [servletContextInitParams] PropertySource with lowest search precedence
2019-08-30 13:37:44.329 DEBUG 832 --- [main] o.s.w.c.s.StandardServletEnvironment     : Adding [systemProperties] PropertySource with lowest search precedence
2019-08-30 13:37:44.330 DEBUG 832 --- [main] o.s.w.c.s.StandardServletEnvironment     : Adding [systemEnvironment] PropertySource with lowest search precedence
2019-08-30 13:37:44.332 DEBUG 832 --- [main] o.s.w.c.s.StandardServletEnvironment     : Initialized StandardServletEnvironment with PropertySources [servletConfigInitParams,servletContextInitParams,systemProperties,systemEnvironment]
2019-08-30 13:37:44.415  INFO 832 --- [main] com.howie.shiro.ShiroApplication         : Starting ShiroApplication on ZHANGYU82-V0TRQ with PID 832 (D:\IdeaProjects\Shiro-SpringBoot\shiroSimple\target\classes started by zhangyu82 in D:\IdeaProjects\Shiro-SpringBoot\shiroSimple)
2019-08-30 13:37:44.416  INFO 832 --- [main] com.howie.shiro.ShiroApplication         : No active profile set, falling back to default profiles: default
2019-08-30 13:37:44.511  INFO 832 --- [main] ationConfigEmbeddedWebApplicationContext : Refreshing org.springframework.boot.context.embedded.AnnotationConfigEmbeddedWebApplicationContext@70ed52de: startup date [Fri Aug 30 13:37:44 CST 2019]; root of context hierarchy
2019-08-30 13:37:45.792 DEBUG 832 --- [main] o.s.w.c.s.StandardServletEnvironment     : Adding [applicationConfig: [classpath:/application.properties]] PropertySource with search precedence immediately lower than [applicationConfigurationProperties]
2019-08-30 13:37:45.793 DEBUG 832 --- [main] o.s.w.c.s.StandardServletEnvironment     : Removing [applicationConfigurationProperties] PropertySource
2019-08-30 13:37:45.793 DEBUG 832 --- [main] o.s.w.c.s.StandardServletEnvironment     : Removing [defaultProperties] PropertySource
2019-08-30 13:37:45.952  INFO 832 --- [main] trationDelegate$BeanPostProcessorChecker : Bean 'shiroConfig' of type [com.howie.shiro.config.ShiroConfig$$EnhancerBySpringCGLIB$$b8dcbd5] is not eligible for getting processed by all BeanPostProcessors (for example: not eligible for auto-proxying)
2019-08-30 13:37:45.964  INFO 832 --- [main] trationDelegate$BeanPostProcessorChecker : Bean 'org.springframework.transaction.annotation.ProxyTransactionManagementConfiguration' of type [org.springframework.transaction.annotation.ProxyTransactionManagementConfiguration$$EnhancerBySpringCGLIB$$dea0d1dd] is not eligible for getting processed by all BeanPostProcessors (for example: not eligible for auto-proxying)
2019-08-30 13:37:46.076  INFO 832 --- [main] trationDelegate$BeanPostProcessorChecker : Bean 'mybatis-org.mybatis.spring.boot.autoconfigure.MybatisProperties' of type [org.mybatis.spring.boot.autoconfigure.MybatisProperties] is not eligible for getting processed by all BeanPostProcessors (for example: not eligible for auto-proxying)
2019-08-30 13:37:46.091  INFO 832 --- [main] trationDelegate$BeanPostProcessorChecker : Bean 'org.mybatis.spring.boot.autoconfigure.MybatisAutoConfiguration' of type [org.mybatis.spring.boot.autoconfigure.MybatisAutoConfiguration$$EnhancerBySpringCGLIB$$1175230d] is not eligible for getting processed by all BeanPostProcessors (for example: not eligible for auto-proxying)
2019-08-30 13:37:46.107  INFO 832 --- [main] trationDelegate$BeanPostProcessorChecker : Bean 'org.springframework.boot.autoconfigure.jdbc.DataSourceConfiguration$Tomcat' of type [org.springframework.boot.autoconfigure.jdbc.DataSourceConfiguration$Tomcat] is not eligible for getting processed by all BeanPostProcessors (for example: not eligible for auto-proxying)
2019-08-30 13:37:46.132  INFO 832 --- [main] trationDelegate$BeanPostProcessorChecker : Bean 'spring.datasource-org.springframework.boot.autoconfigure.jdbc.DataSourceProperties' of type [org.springframework.boot.autoconfigure.jdbc.DataSourceProperties] is not eligible for getting processed by all BeanPostProcessors (for example: not eligible for auto-proxying)
2019-08-30 13:37:46.274  INFO 832 --- [main] trationDelegate$BeanPostProcessorChecker : Bean 'dataSource' of type [org.apache.tomcat.jdbc.pool.DataSource] is not eligible for getting processed by all BeanPostProcessors (for example: not eligible for auto-proxying)
2019-08-30 13:37:46.281  INFO 832 --- [main] trationDelegate$BeanPostProcessorChecker : Bean 'org.springframework.boot.autoconfigure.jdbc.DataSourceAutoConfiguration' of type [org.springframework.boot.autoconfigure.jdbc.DataSourceAutoConfiguration$$EnhancerBySpringCGLIB$$c094753d] is not eligible for getting processed by all BeanPostProcessors (for example: not eligible for auto-proxying)
2019-08-30 13:37:46.294  INFO 832 --- [main] trationDelegate$BeanPostProcessorChecker : Bean 'dataSourceInitializer' of type [org.springframework.boot.autoconfigure.jdbc.DataSourceInitializer] is not eligible for getting processed by all BeanPostProcessors (for example: not eligible for auto-proxying)
2019-08-30 13:37:46.469  INFO 832 --- [main] trationDelegate$BeanPostProcessorChecker : Bean 'sqlSessionFactory' of type [org.apache.ibatis.session.defaults.DefaultSqlSessionFactory] is not eligible for getting processed by all BeanPostProcessors (for example: not eligible for auto-proxying)
2019-08-30 13:37:46.476  INFO 832 --- [main] trationDelegate$BeanPostProcessorChecker : Bean 'sqlSessionTemplate' of type [org.mybatis.spring.SqlSessionTemplate] is not eligible for getting processed by all BeanPostProcessors (for example: not eligible for auto-proxying)
2019-08-30 13:37:46.477  INFO 832 --- [main] trationDelegate$BeanPostProcessorChecker : Bean 'userMapper' of type [org.mybatis.spring.mapper.MapperFactoryBean] is not eligible for getting processed by all BeanPostProcessors (for example: not eligible for auto-proxying)
2019-08-30 13:37:46.480  INFO 832 --- [main] trationDelegate$BeanPostProcessorChecker : Bean 'userMapper' of type [com.sun.proxy.$Proxy53] is not eligible for getting processed by all BeanPostProcessors (for example: not eligible for auto-proxying)
2019-08-30 13:37:46.496  INFO 832 --- [main] trationDelegate$BeanPostProcessorChecker : Bean 'customRealm' of type [com.howie.shiro.shiro.CustomRealm] is not eligible for getting processed by all BeanPostProcessors (for example: not eligible for auto-proxying)
2019-08-30 13:37:46.568  INFO 832 --- [main] trationDelegate$BeanPostProcessorChecker : Bean 'securityManager' of type [org.apache.shiro.web.mgt.DefaultWebSecurityManager] is not eligible for getting processed by all BeanPostProcessors (for example: not eligible for auto-proxying)
2019-08-30 13:37:46.912  INFO 832 --- [main] s.b.c.e.t.TomcatEmbeddedServletContainer : Tomcat initialized with port(s): 8080 (http)
2019-08-30 13:37:46.920  INFO 832 --- [main] o.apache.catalina.core.StandardService   : Starting service [Tomcat]
2019-08-30 13:37:46.922  INFO 832 --- [main] org.apache.catalina.core.StandardEngine  : Starting Servlet Engine: Apache Tomcat/8.5.16
2019-08-30 13:37:47.002  INFO 832 --- [localhost-startStop-1] o.a.c.c.C.[Tomcat].[localhost].[/]       : Initializing Spring embedded WebApplicationContext
2019-08-30 13:37:47.003 DEBUG 832 --- [localhost-startStop-1] o.s.web.context.ContextLoader            : Published root WebApplicationContext as ServletContext attribute with name [org.springframework.web.context.WebApplicationContext.ROOT]
2019-08-30 13:37:47.003  INFO 832 --- [localhost-startStop-1] o.s.web.context.ContextLoader            : Root WebApplicationContext: initialization completed in 2492 ms
2019-08-30 13:37:47.135  INFO 832 --- [localhost-startStop-1] o.s.b.w.servlet.ServletRegistrationBean  : Mapping servlet: 'dispatcherServlet' to [/]
2019-08-30 13:37:47.140  INFO 832 --- [localhost-startStop-1] o.s.b.w.servlet.FilterRegistrationBean   : Mapping filter: 'characterEncodingFilter' to: [/*]
2019-08-30 13:37:47.140  INFO 832 --- [localhost-startStop-1] o.s.b.w.servlet.FilterRegistrationBean   : Mapping filter: 'hiddenHttpMethodFilter' to: [/*]
2019-08-30 13:37:47.141  INFO 832 --- [localhost-startStop-1] o.s.b.w.servlet.FilterRegistrationBean   : Mapping filter: 'httpPutFormContentFilter' to: [/*]
2019-08-30 13:37:47.141  INFO 832 --- [localhost-startStop-1] o.s.b.w.servlet.FilterRegistrationBean   : Mapping filter: 'requestContextFilter' to: [/*]
2019-08-30 13:37:47.141  INFO 832 --- [localhost-startStop-1] o.s.b.w.servlet.FilterRegistrationBean   : Mapping filter: 'shirFilter' to: [/*]
2019-08-30 13:37:47.164 DEBUG 832 --- [main] o.s.w.c.s.StandardServletEnvironment     : Replacing [servletContextInitParams] PropertySource with [servletContextInitParams]
2019-08-30 13:37:47.514  INFO 832 --- [main] s.w.s.m.m.a.RequestMappingHandlerAdapter : Looking for @ControllerAdvice: org.springframework.boot.context.embedded.AnnotationConfigEmbeddedWebApplicationContext@70ed52de: startup date [Fri Aug 30 13:37:44 CST 2019]; root of context hierarchy
2019-08-30 13:37:47.555 DEBUG 832 --- [main] s.w.s.m.m.a.RequestMappingHandlerMapping : Looking for request mappings in application context: org.springframework.boot.context.embedded.AnnotationConfigEmbeddedWebApplicationContext@70ed52de: startup date [Fri Aug 30 13:37:44 CST 2019]; root of context hierarchy
2019-08-30 13:37:47.564 DEBUG 832 --- [main] s.w.s.m.m.a.RequestMappingHandlerMapping : 1 request handler methods found on class com.howie.shiro.controller.AdminController: {public com.howie.shiro.model.ResultMap com.howie.shiro.controller.AdminController.getMessage()={[/admin/getMessage],methods=[GET]}}
2019-08-30 13:37:47.565  INFO 832 --- [main] s.w.s.m.m.a.RequestMappingHandlerMapping : Mapped "{[/admin/getMessage],methods=[GET]}" onto public com.howie.shiro.model.ResultMap com.howie.shiro.controller.AdminController.getMessage()
2019-08-30 13:37:47.567 DEBUG 832 --- [main] s.w.s.m.m.a.RequestMappingHandlerMapping : 2 request handler methods found on class com.howie.shiro.controller.GuestController: {public com.howie.shiro.model.ResultMap com.howie.shiro.controller.GuestController.submitLogin()={[/guest/getMessage],methods=[GET]}, public com.howie.shiro.model.ResultMap com.howie.shiro.controller.GuestController.login()={[/guest/enter],methods=[GET]}}
2019-08-30 13:37:47.568  INFO 832 --- [main] s.w.s.m.m.a.RequestMappingHandlerMapping : Mapped "{[/guest/getMessage],methods=[GET]}" onto public com.howie.shiro.model.ResultMap com.howie.shiro.controller.GuestController.submitLogin()
2019-08-30 13:37:47.569  INFO 832 --- [main] s.w.s.m.m.a.RequestMappingHandlerMapping : Mapped "{[/guest/enter],methods=[GET]}" onto public com.howie.shiro.model.ResultMap com.howie.shiro.controller.GuestController.login()
2019-08-30 13:37:47.570 DEBUG 832 --- [main] s.w.s.m.m.a.RequestMappingHandlerMapping : 4 request handler methods found on class com.howie.shiro.controller.LoginController: {public com.howie.shiro.model.ResultMap com.howie.shiro.controller.LoginController.logout()={[/logout],methods=[GET]}, public com.howie.shiro.model.ResultMap com.howie.shiro.controller.LoginController.notLogin()={[/notLogin],methods=[GET]}, public com.howie.shiro.model.ResultMap com.howie.shiro.controller.LoginController.notRole()={[/notRole],methods=[GET]}, public com.howie.shiro.model.ResultMap com.howie.shiro.controller.LoginController.login(java.lang.String,java.lang.String)={[/login],methods=[POST]}}
2019-08-30 13:37:47.570  INFO 832 --- [main] s.w.s.m.m.a.RequestMappingHandlerMapping : Mapped "{[/logout],methods=[GET]}" onto public com.howie.shiro.model.ResultMap com.howie.shiro.controller.LoginController.logout()
2019-08-30 13:37:47.571  INFO 832 --- [main] s.w.s.m.m.a.RequestMappingHandlerMapping : Mapped "{[/notLogin],methods=[GET]}" onto public com.howie.shiro.model.ResultMap com.howie.shiro.controller.LoginController.notLogin()
2019-08-30 13:37:47.571  INFO 832 --- [main] s.w.s.m.m.a.RequestMappingHandlerMapping : Mapped "{[/notRole],methods=[GET]}" onto public com.howie.shiro.model.ResultMap com.howie.shiro.controller.LoginController.notRole()
2019-08-30 13:37:47.574  INFO 832 --- [main] s.w.s.m.m.a.RequestMappingHandlerMapping : Mapped "{[/login],methods=[POST]}" onto public com.howie.shiro.model.ResultMap com.howie.shiro.controller.LoginController.login(java.lang.String,java.lang.String)
2019-08-30 13:37:47.575 DEBUG 832 --- [main] s.w.s.m.m.a.RequestMappingHandlerMapping : 1 request handler methods found on class com.howie.shiro.controller.UserController: {public com.howie.shiro.model.ResultMap com.howie.shiro.controller.UserController.getMessage()={[/user/getMessage],methods=[GET]}}
2019-08-30 13:37:47.575  INFO 832 --- [main] s.w.s.m.m.a.RequestMappingHandlerMapping : Mapped "{[/user/getMessage],methods=[GET]}" onto public com.howie.shiro.model.ResultMap com.howie.shiro.controller.UserController.getMessage()
2019-08-30 13:37:47.578 DEBUG 832 --- [main] s.w.s.m.m.a.RequestMappingHandlerMapping : 2 request handler methods found on class org.springframework.boot.autoconfigure.web.BasicErrorController: {public org.springframework.http.ResponseEntity org.springframework.boot.autoconfigure.web.BasicErrorController.error(javax.servlet.http.HttpServletRequest)={[/error]}, public org.springframework.web.servlet.ModelAndView org.springframework.boot.autoconfigure.web.BasicErrorController.errorHtml(javax.servlet.http.HttpServletRequest,javax.servlet.http.HttpServletResponse)={[/error],produces=[text/html]}}
2019-08-30 13:37:47.578  INFO 832 --- [main] s.w.s.m.m.a.RequestMappingHandlerMapping : Mapped "{[/error]}" onto public org.springframework.http.ResponseEntity<java.util.Map<java.lang.String, java.lang.Object>> org.springframework.boot.autoconfigure.web.BasicErrorController.error(javax.servlet.http.HttpServletRequest)
2019-08-30 13:37:47.579  INFO 832 --- [main] s.w.s.m.m.a.RequestMappingHandlerMapping : Mapped "{[/error],produces=[text/html]}" onto public org.springframework.web.servlet.ModelAndView org.springframework.boot.autoconfigure.web.BasicErrorController.errorHtml(javax.servlet.http.HttpServletRequest,javax.servlet.http.HttpServletResponse)
2019-08-30 13:37:47.600 DEBUG 832 --- [main] o.s.w.s.h.BeanNameUrlHandlerMapping      : Looking for URL mappings in application context: org.springframework.boot.context.embedded.AnnotationConfigEmbeddedWebApplicationContext@70ed52de: startup date [Fri Aug 30 13:37:44 CST 2019]; root of context hierarchy
2019-08-30 13:37:47.600 DEBUG 832 --- [main] o.s.w.s.h.BeanNameUrlHandlerMapping      : Rejected bean name 'org.springframework.context.annotation.internalConfigurationAnnotationProcessor': no URL paths identified
2019-08-30 13:37:47.601 DEBUG 832 --- [main] o.s.w.s.h.BeanNameUrlHandlerMapping      : Rejected bean name 'org.springframework.context.annotation.internalAutowiredAnnotationProcessor': no URL paths identified
2019-08-30 13:37:47.601 DEBUG 832 --- [main] o.s.w.s.h.BeanNameUrlHandlerMapping      : Rejected bean name 'org.springframework.context.annotation.internalRequiredAnnotationProcessor': no URL paths identified
2019-08-30 13:37:47.601 DEBUG 832 --- [main] o.s.w.s.h.BeanNameUrlHandlerMapping      : Rejected bean name 'org.springframework.context.annotation.internalCommonAnnotationProcessor': no URL paths identified
2019-08-30 13:37:47.601 DEBUG 832 --- [main] o.s.w.s.h.BeanNameUrlHandlerMapping      : Rejected bean name 'org.springframework.context.event.internalEventListenerProcessor': no URL paths identified
2019-08-30 13:37:47.601 DEBUG 832 --- [main] o.s.w.s.h.BeanNameUrlHandlerMapping      : Rejected bean name 'org.springframework.context.event.internalEventListenerFactory': no URL paths identified
2019-08-30 13:37:47.601 DEBUG 832 --- [main] o.s.w.s.h.BeanNameUrlHandlerMapping      : Rejected bean name 'shiroApplication': no URL paths identified
2019-08-30 13:37:47.602 DEBUG 832 --- [main] o.s.w.s.h.BeanNameUrlHandlerMapping      : Rejected bean name 'org.springframework.boot.autoconfigure.internalCachingMetadataReaderFactory': no URL paths identified
2019-08-30 13:37:47.602 DEBUG 832 --- [main] o.s.w.s.h.BeanNameUrlHandlerMapping      : Rejected bean name 'shiroConfig': no URL paths identified
2019-08-30 13:37:47.602 DEBUG 832 --- [main] o.s.w.s.h.BeanNameUrlHandlerMapping      : Rejected bean name 'adminController': no URL paths identified
2019-08-30 13:37:47.602 DEBUG 832 --- [main] o.s.w.s.h.BeanNameUrlHandlerMapping      : Rejected bean name 'exceptionController': no URL paths identified
2019-08-30 13:37:47.602 DEBUG 832 --- [main] o.s.w.s.h.BeanNameUrlHandlerMapping      : Rejected bean name 'guestController': no URL paths identified
2019-08-30 13:37:47.603 DEBUG 832 --- [main] o.s.w.s.h.BeanNameUrlHandlerMapping      : Rejected bean name 'loginController': no URL paths identified
2019-08-30 13:37:47.603 DEBUG 832 --- [main] o.s.w.s.h.BeanNameUrlHandlerMapping      : Rejected bean name 'userController': no URL paths identified
2019-08-30 13:37:47.603 DEBUG 832 --- [main] o.s.w.s.h.BeanNameUrlHandlerMapping      : Rejected bean name 'resultMap': no URL paths identified
2019-08-30 13:37:47.603 DEBUG 832 --- [main] o.s.w.s.h.BeanNameUrlHandlerMapping      : Rejected bean name 'customRealm': no URL paths identified
2019-08-30 13:37:47.603 DEBUG 832 --- [main] o.s.w.s.h.BeanNameUrlHandlerMapping      : Rejected bean name 'shirFilter': no URL paths identified
2019-08-30 13:37:47.604 DEBUG 832 --- [main] o.s.w.s.h.BeanNameUrlHandlerMapping      : Rejected bean name 'securityManager': no URL paths identified
2019-08-30 13:37:47.604 DEBUG 832 --- [main] o.s.w.s.h.BeanNameUrlHandlerMapping      : Rejected bean name 'org.springframework.boot.autoconfigure.AutoConfigurationPackages': no URL paths identified
2019-08-30 13:37:47.604 DEBUG 832 --- [main] o.s.w.s.h.BeanNameUrlHandlerMapping      : Rejected bean name 'userMapper': no URL paths identified
2019-08-30 13:37:47.604 DEBUG 832 --- [main] o.s.w.s.h.BeanNameUrlHandlerMapping      : Rejected bean name 'org.springframework.boot.autoconfigure.context.PropertyPlaceholderAutoConfiguration': no URL paths identified
2019-08-30 13:37:47.604 DEBUG 832 --- [main] o.s.w.s.h.BeanNameUrlHandlerMapping      : Rejected bean name 'org.springframework.boot.autoconfigure.condition.BeanTypeRegistry': no URL paths identified
2019-08-30 13:37:47.604 DEBUG 832 --- [main] o.s.w.s.h.BeanNameUrlHandlerMapping      : Rejected bean name 'propertySourcesPlaceholderConfigurer': no URL paths identified
2019-08-30 13:37:47.604 DEBUG 832 --- [main] o.s.w.s.h.BeanNameUrlHandlerMapping      : Rejected bean name 'org.springframework.boot.autoconfigure.jackson.JacksonAutoConfiguration$Jackson2ObjectMapperBuilderCustomizerConfiguration': no URL paths identified
2019-08-30 13:37:47.605 DEBUG 832 --- [main] o.s.w.s.h.BeanNameUrlHandlerMapping      : Rejected bean name 'standardJacksonObjectMapperBuilderCustomizer': no URL paths identified
2019-08-30 13:37:47.605 DEBUG 832 --- [main] o.s.w.s.h.BeanNameUrlHandlerMapping      : Rejected bean name 'spring.jackson-org.springframework.boot.autoconfigure.jackson.JacksonProperties': no URL paths identified
2019-08-30 13:37:47.605 DEBUG 832 --- [main] o.s.w.s.h.BeanNameUrlHandlerMapping      : Rejected bean name 'org.springframework.boot.context.properties.ConfigurationPropertiesBindingPostProcessor': no URL paths identified
2019-08-30 13:37:47.606 DEBUG 832 --- [main] o.s.w.s.h.BeanNameUrlHandlerMapping      : Rejected bean name 'org.springframework.boot.context.properties.ConfigurationPropertiesBindingPostProcessor.store': no URL paths identified
2019-08-30 13:37:47.606 DEBUG 832 --- [main] o.s.w.s.h.BeanNameUrlHandlerMapping      : Rejected bean name 'org.springframework.boot.autoconfigure.jackson.JacksonAutoConfiguration$JacksonObjectMapperBuilderConfiguration': no URL paths identified
2019-08-30 13:37:47.606 DEBUG 832 --- [main] o.s.w.s.h.BeanNameUrlHandlerMapping      : Rejected bean name 'jacksonObjectMapperBuilder': no URL paths identified
2019-08-30 13:37:47.606 DEBUG 832 --- [main] o.s.w.s.h.BeanNameUrlHandlerMapping      : Rejected bean name 'org.springframework.boot.autoconfigure.jackson.JacksonAutoConfiguration$JacksonObjectMapperConfiguration': no URL paths identified
2019-08-30 13:37:47.606 DEBUG 832 --- [main] o.s.w.s.h.BeanNameUrlHandlerMapping      : Rejected bean name 'jacksonObjectMapper': no URL paths identified
2019-08-30 13:37:47.606 DEBUG 832 --- [main] o.s.w.s.h.BeanNameUrlHandlerMapping      : Rejected bean name 'org.springframework.boot.autoconfigure.jackson.JacksonAutoConfiguration': no URL paths identified
2019-08-30 13:37:47.607 DEBUG 832 --- [main] o.s.w.s.h.BeanNameUrlHandlerMapping      : Rejected bean name 'jsonComponentModule': no URL paths identified
2019-08-30 13:37:47.607 DEBUG 832 --- [main] o.s.w.s.h.BeanNameUrlHandlerMapping      : Rejected bean name 'org.springframework.boot.autoconfigure.websocket.WebSocketAutoConfiguration$TomcatWebSocketConfiguration': no URL paths identified
2019-08-30 13:37:47.607 DEBUG 832 --- [main] o.s.w.s.h.BeanNameUrlHandlerMapping      : Rejected bean name 'websocketContainerCustomizer': no URL paths identified
2019-08-30 13:37:47.607 DEBUG 832 --- [main] o.s.w.s.h.BeanNameUrlHandlerMapping      : Rejected bean name 'org.springframework.boot.autoconfigure.websocket.WebSocketAutoConfiguration': no URL paths identified
2019-08-30 13:37:47.607 DEBUG 832 --- [main] o.s.w.s.h.BeanNameUrlHandlerMapping      : Rejected bean name 'org.springframework.boot.autoconfigure.web.EmbeddedServletContainerAutoConfiguration$EmbeddedTomcat': no URL paths identified
2019-08-30 13:37:47.607 DEBUG 832 --- [main] o.s.w.s.h.BeanNameUrlHandlerMapping      : Rejected bean name 'tomcatEmbeddedServletContainerFactory': no URL paths identified
2019-08-30 13:37:47.607 DEBUG 832 --- [main] o.s.w.s.h.BeanNameUrlHandlerMapping      : Rejected bean name 'org.springframework.boot.autoconfigure.web.EmbeddedServletContainerAutoConfiguration': no URL paths identified
2019-08-30 13:37:47.607 DEBUG 832 --- [main] o.s.w.s.h.BeanNameUrlHandlerMapping      : Rejected bean name 'embeddedServletContainerCustomizerBeanPostProcessor': no URL paths identified
2019-08-30 13:37:47.607 DEBUG 832 --- [main] o.s.w.s.h.BeanNameUrlHandlerMapping      : Rejected bean name 'errorPageRegistrarBeanPostProcessor': no URL paths identified
2019-08-30 13:37:47.607 DEBUG 832 --- [main] o.s.w.s.h.BeanNameUrlHandlerMapping      : Rejected bean name 'org.springframework.boot.autoconfigure.web.DispatcherServletAutoConfiguration$DispatcherServletConfiguration': no URL paths identified
2019-08-30 13:37:47.607 DEBUG 832 --- [main] o.s.w.s.h.BeanNameUrlHandlerMapping      : Rejected bean name 'dispatcherServlet': no URL paths identified
2019-08-30 13:37:47.608 DEBUG 832 --- [main] o.s.w.s.h.BeanNameUrlHandlerMapping      : Rejected bean name 'spring.mvc-org.springframework.boot.autoconfigure.web.WebMvcProperties': no URL paths identified
2019-08-30 13:37:47.609 DEBUG 832 --- [main] o.s.w.s.h.BeanNameUrlHandlerMapping      : Rejected bean name 'org.springframework.boot.autoconfigure.web.DispatcherServletAutoConfiguration$DispatcherServletRegistrationConfiguration': no URL paths identified
2019-08-30 13:37:47.609 DEBUG 832 --- [main] o.s.w.s.h.BeanNameUrlHandlerMapping      : Rejected bean name 'dispatcherServletRegistration': no URL paths identified
2019-08-30 13:37:47.609 DEBUG 832 --- [main] o.s.w.s.h.BeanNameUrlHandlerMapping      : Rejected bean name 'org.springframework.boot.autoconfigure.web.DispatcherServletAutoConfiguration': no URL paths identified
2019-08-30 13:37:47.609 DEBUG 832 --- [main] o.s.w.s.h.BeanNameUrlHandlerMapping      : Rejected bean name 'org.springframework.boot.autoconfigure.validation.ValidationAutoConfiguration': no URL paths identified
2019-08-30 13:37:47.609 DEBUG 832 --- [main] o.s.w.s.h.BeanNameUrlHandlerMapping      : Rejected bean name 'defaultValidator': no URL paths identified
2019-08-30 13:37:47.609 DEBUG 832 --- [main] o.s.w.s.h.BeanNameUrlHandlerMapping      : Rejected bean name 'methodValidationPostProcessor': no URL paths identified
2019-08-30 13:37:47.611 DEBUG 832 --- [main] o.s.w.s.h.BeanNameUrlHandlerMapping      : Rejected bean name 'org.springframework.boot.autoconfigure.web.ErrorMvcAutoConfiguration$WhitelabelErrorViewConfiguration': no URL paths identified
2019-08-30 13:37:47.612 DEBUG 832 --- [main] o.s.w.s.h.BeanNameUrlHandlerMapping      : Rejected bean name 'error': no URL paths identified
2019-08-30 13:37:47.612 DEBUG 832 --- [main] o.s.w.s.h.BeanNameUrlHandlerMapping      : Rejected bean name 'beanNameViewResolver': no URL paths identified
2019-08-30 13:37:47.612 DEBUG 832 --- [main] o.s.w.s.h.BeanNameUrlHandlerMapping      : Rejected bean name 'org.springframework.boot.autoconfigure.web.ErrorMvcAutoConfiguration$DefaultErrorViewResolverConfiguration': no URL paths identified
2019-08-30 13:37:47.612 DEBUG 832 --- [main] o.s.w.s.h.BeanNameUrlHandlerMapping      : Rejected bean name 'conventionErrorViewResolver': no URL paths identified
2019-08-30 13:37:47.612 DEBUG 832 --- [main] o.s.w.s.h.BeanNameUrlHandlerMapping      : Rejected bean name 'org.springframework.boot.autoconfigure.web.ErrorMvcAutoConfiguration': no URL paths identified
2019-08-30 13:37:47.612 DEBUG 832 --- [main] o.s.w.s.h.BeanNameUrlHandlerMapping      : Rejected bean name 'errorAttributes': no URL paths identified
2019-08-30 13:37:47.612 DEBUG 832 --- [main] o.s.w.s.h.BeanNameUrlHandlerMapping      : Rejected bean name 'basicErrorController': no URL paths identified
2019-08-30 13:37:47.613 DEBUG 832 --- [main] o.s.w.s.h.BeanNameUrlHandlerMapping      : Rejected bean name 'errorPageCustomizer': no URL paths identified
2019-08-30 13:37:47.613 DEBUG 832 --- [main] o.s.w.s.h.BeanNameUrlHandlerMapping      : Rejected bean name 'preserveErrorControllerTargetClassPostProcessor': no URL paths identified
2019-08-30 13:37:47.613 DEBUG 832 --- [main] o.s.w.s.h.BeanNameUrlHandlerMapping      : Rejected bean name 'spring.resources-org.springframework.boot.autoconfigure.web.ResourceProperties': no URL paths identified
2019-08-30 13:37:47.613 DEBUG 832 --- [main] o.s.w.s.h.BeanNameUrlHandlerMapping      : Rejected bean name 'org.springframework.boot.autoconfigure.web.WebMvcAutoConfiguration$EnableWebMvcConfiguration': no URL paths identified
2019-08-30 13:37:47.613 DEBUG 832 --- [main] o.s.w.s.h.BeanNameUrlHandlerMapping      : Rejected bean name 'requestMappingHandlerAdapter': no URL paths identified
2019-08-30 13:37:47.613 DEBUG 832 --- [main] o.s.w.s.h.BeanNameUrlHandlerMapping      : Rejected bean name 'requestMappingHandlerMapping': no URL paths identified
2019-08-30 13:37:47.613 DEBUG 832 --- [main] o.s.w.s.h.BeanNameUrlHandlerMapping      : Rejected bean name 'mvcValidator': no URL paths identified
2019-08-30 13:37:47.613 DEBUG 832 --- [main] o.s.w.s.h.BeanNameUrlHandlerMapping      : Rejected bean name 'mvcContentNegotiationManager': no URL paths identified
2019-08-30 13:37:47.614 DEBUG 832 --- [main] o.s.w.s.h.BeanNameUrlHandlerMapping      : Rejected bean name 'mvcPathMatcher': no URL paths identified
2019-08-30 13:37:47.614 DEBUG 832 --- [main] o.s.w.s.h.BeanNameUrlHandlerMapping      : Rejected bean name 'mvcUrlPathHelper': no URL paths identified
2019-08-30 13:37:47.614 DEBUG 832 --- [main] o.s.w.s.h.BeanNameUrlHandlerMapping      : Rejected bean name 'viewControllerHandlerMapping': no URL paths identified
2019-08-30 13:37:47.614 DEBUG 832 --- [main] o.s.w.s.h.BeanNameUrlHandlerMapping      : Rejected bean name 'beanNameHandlerMapping': no URL paths identified
2019-08-30 13:37:47.615 DEBUG 832 --- [main] o.s.w.s.h.BeanNameUrlHandlerMapping      : Rejected bean name 'resourceHandlerMapping': no URL paths identified
2019-08-30 13:37:47.616 DEBUG 832 --- [main] o.s.w.s.h.BeanNameUrlHandlerMapping      : Rejected bean name 'mvcResourceUrlProvider': no URL paths identified
2019-08-30 13:37:47.617 DEBUG 832 --- [main] o.s.w.s.h.BeanNameUrlHandlerMapping      : Rejected bean name 'defaultServletHandlerMapping': no URL paths identified
2019-08-30 13:37:47.617 DEBUG 832 --- [main] o.s.w.s.h.BeanNameUrlHandlerMapping      : Rejected bean name 'mvcConversionService': no URL paths identified
2019-08-30 13:37:47.618 DEBUG 832 --- [main] o.s.w.s.h.BeanNameUrlHandlerMapping      : Rejected bean name 'mvcUriComponentsContributor': no URL paths identified
2019-08-30 13:37:47.618 DEBUG 832 --- [main] o.s.w.s.h.BeanNameUrlHandlerMapping      : Rejected bean name 'httpRequestHandlerAdapter': no URL paths identified
2019-08-30 13:37:47.618 DEBUG 832 --- [main] o.s.w.s.h.BeanNameUrlHandlerMapping      : Rejected bean name 'simpleControllerHandlerAdapter': no URL paths identified
2019-08-30 13:37:47.618 DEBUG 832 --- [main] o.s.w.s.h.BeanNameUrlHandlerMapping      : Rejected bean name 'handlerExceptionResolver': no URL paths identified
2019-08-30 13:37:47.619 DEBUG 832 --- [main] o.s.w.s.h.BeanNameUrlHandlerMapping      : Rejected bean name 'mvcViewResolver': no URL paths identified
2019-08-30 13:37:47.619 DEBUG 832 --- [main] o.s.w.s.h.BeanNameUrlHandlerMapping      : Rejected bean name 'org.springframework.boot.autoconfigure.web.WebMvcAutoConfiguration$WebMvcAutoConfigurationAdapter$FaviconConfiguration': no URL paths identified
2019-08-30 13:37:47.619 DEBUG 832 --- [main] o.s.w.s.h.BeanNameUrlHandlerMapping      : Rejected bean name 'faviconHandlerMapping': no URL paths identified
2019-08-30 13:37:47.619 DEBUG 832 --- [main] o.s.w.s.h.BeanNameUrlHandlerMapping      : Rejected bean name 'faviconRequestHandler': no URL paths identified
2019-08-30 13:37:47.619 DEBUG 832 --- [main] o.s.w.s.h.BeanNameUrlHandlerMapping      : Rejected bean name 'org.springframework.boot.autoconfigure.web.WebMvcAutoConfiguration$WebMvcAutoConfigurationAdapter': no URL paths identified
2019-08-30 13:37:47.619 DEBUG 832 --- [main] o.s.w.s.h.BeanNameUrlHandlerMapping      : Rejected bean name 'defaultViewResolver': no URL paths identified
2019-08-30 13:37:47.619 DEBUG 832 --- [main] o.s.w.s.h.BeanNameUrlHandlerMapping      : Rejected bean name 'viewResolver': no URL paths identified
2019-08-30 13:37:47.619 DEBUG 832 --- [main] o.s.w.s.h.BeanNameUrlHandlerMapping      : Rejected bean name 'welcomePageHandlerMapping': no URL paths identified
2019-08-30 13:37:47.619 DEBUG 832 --- [main] o.s.w.s.h.BeanNameUrlHandlerMapping      : Rejected bean name 'requestContextFilter': no URL paths identified
2019-08-30 13:37:47.619 DEBUG 832 --- [main] o.s.w.s.h.BeanNameUrlHandlerMapping      : Rejected bean name 'org.springframework.boot.autoconfigure.web.WebMvcAutoConfiguration': no URL paths identified
2019-08-30 13:37:47.619 DEBUG 832 --- [main] o.s.w.s.h.BeanNameUrlHandlerMapping      : Rejected bean name 'hiddenHttpMethodFilter': no URL paths identified
2019-08-30 13:37:47.619 DEBUG 832 --- [main] o.s.w.s.h.BeanNameUrlHandlerMapping      : Rejected bean name 'httpPutFormContentFilter': no URL paths identified
2019-08-30 13:37:47.620 DEBUG 832 --- [main] o.s.w.s.h.BeanNameUrlHandlerMapping      : Rejected bean name 'org.springframework.boot.autoconfigure.jdbc.DataSourceConfiguration$Tomcat': no URL paths identified
2019-08-30 13:37:47.620 DEBUG 832 --- [main] o.s.w.s.h.BeanNameUrlHandlerMapping      : Rejected bean name 'dataSource': no URL paths identified
2019-08-30 13:37:47.620 DEBUG 832 --- [main] o.s.w.s.h.BeanNameUrlHandlerMapping      : Rejected bean name 'org.springframework.boot.autoconfigure.jdbc.DataSourceAutoConfiguration$PooledDataSourceConfiguration': no URL paths identified
2019-08-30 13:37:47.620 DEBUG 832 --- [main] o.s.w.s.h.BeanNameUrlHandlerMapping      : Rejected bean name 'org.springframework.boot.autoconfigure.jdbc.metadata.DataSourcePoolMetadataProvidersConfiguration$TomcatDataSourcePoolMetadataProviderConfiguration': no URL paths identified
2019-08-30 13:37:47.620 DEBUG 832 --- [main] o.s.w.s.h.BeanNameUrlHandlerMapping      : Rejected bean name 'tomcatPoolDataSourceMetadataProvider': no URL paths identified
2019-08-30 13:37:47.620 DEBUG 832 --- [main] o.s.w.s.h.BeanNameUrlHandlerMapping      : Rejected bean name 'org.springframework.boot.autoconfigure.jdbc.metadata.DataSourcePoolMetadataProvidersConfiguration': no URL paths identified
2019-08-30 13:37:47.620 DEBUG 832 --- [main] o.s.w.s.h.BeanNameUrlHandlerMapping      : Rejected bean name 'org.springframework.boot.autoconfigure.jdbc.DataSourceAutoConfiguration': no URL paths identified
2019-08-30 13:37:47.620 DEBUG 832 --- [main] o.s.w.s.h.BeanNameUrlHandlerMapping      : Rejected bean name 'dataSourceInitializer': no URL paths identified
2019-08-30 13:37:47.620 DEBUG 832 --- [main] o.s.w.s.h.BeanNameUrlHandlerMapping      : Rejected bean name 'spring.datasource-org.springframework.boot.autoconfigure.jdbc.DataSourceProperties': no URL paths identified
2019-08-30 13:37:47.620 DEBUG 832 --- [main] o.s.w.s.h.BeanNameUrlHandlerMapping      : Rejected bean name 'dataSourceInitializerPostProcessor': no URL paths identified
2019-08-30 13:37:47.620 DEBUG 832 --- [main] o.s.w.s.h.BeanNameUrlHandlerMapping      : Rejected bean name 'org.mybatis.spring.boot.autoconfigure.MybatisAutoConfiguration': no URL paths identified
2019-08-30 13:37:47.620 DEBUG 832 --- [main] o.s.w.s.h.BeanNameUrlHandlerMapping      : Rejected bean name 'sqlSessionFactory': no URL paths identified
2019-08-30 13:37:47.621 DEBUG 832 --- [main] o.s.w.s.h.BeanNameUrlHandlerMapping      : Rejected bean name 'sqlSessionTemplate': no URL paths identified
2019-08-30 13:37:47.621 DEBUG 832 --- [main] o.s.w.s.h.BeanNameUrlHandlerMapping      : Rejected bean name 'mybatis-org.mybatis.spring.boot.autoconfigure.MybatisProperties': no URL paths identified
2019-08-30 13:37:47.621 DEBUG 832 --- [main] o.s.w.s.h.BeanNameUrlHandlerMapping      : Rejected bean name 'org.springframework.boot.autoconfigure.jmx.JmxAutoConfiguration': no URL paths identified
2019-08-30 13:37:47.621 DEBUG 832 --- [main] o.s.w.s.h.BeanNameUrlHandlerMapping      : Rejected bean name 'mbeanExporter': no URL paths identified
2019-08-30 13:37:47.621 DEBUG 832 --- [main] o.s.w.s.h.BeanNameUrlHandlerMapping      : Rejected bean name 'objectNamingStrategy': no URL paths identified
2019-08-30 13:37:47.621 DEBUG 832 --- [main] o.s.w.s.h.BeanNameUrlHandlerMapping      : Rejected bean name 'mbeanServer': no URL paths identified
2019-08-30 13:37:47.621 DEBUG 832 --- [main] o.s.w.s.h.BeanNameUrlHandlerMapping      : Rejected bean name 'org.springframework.boot.autoconfigure.admin.SpringApplicationAdminJmxAutoConfiguration': no URL paths identified
2019-08-30 13:37:47.621 DEBUG 832 --- [main] o.s.w.s.h.BeanNameUrlHandlerMapping      : Rejected bean name 'springApplicationAdminRegistrar': no URL paths identified
2019-08-30 13:37:47.621 DEBUG 832 --- [main] o.s.w.s.h.BeanNameUrlHandlerMapping      : Rejected bean name 'org.springframework.boot.autoconfigure.context.ConfigurationPropertiesAutoConfiguration': no URL paths identified
2019-08-30 13:37:47.621 DEBUG 832 --- [main] o.s.w.s.h.BeanNameUrlHandlerMapping      : Rejected bean name 'org.springframework.boot.autoconfigure.dao.PersistenceExceptionTranslationAutoConfiguration': no URL paths identified
2019-08-30 13:37:47.622 DEBUG 832 --- [main] o.s.w.s.h.BeanNameUrlHandlerMapping      : Rejected bean name 'persistenceExceptionTranslationPostProcessor': no URL paths identified
2019-08-30 13:37:47.623 DEBUG 832 --- [main] o.s.w.s.h.BeanNameUrlHandlerMapping      : Rejected bean name 'org.springframework.boot.autoconfigure.web.HttpMessageConvertersAutoConfiguration$StringHttpMessageConverterConfiguration': no URL paths identified
2019-08-30 13:37:47.623 DEBUG 832 --- [main] o.s.w.s.h.BeanNameUrlHandlerMapping      : Rejected bean name 'stringHttpMessageConverter': no URL paths identified
2019-08-30 13:37:47.623 DEBUG 832 --- [main] o.s.w.s.h.BeanNameUrlHandlerMapping      : Rejected bean name 'spring.http.encoding-org.springframework.boot.autoconfigure.web.HttpEncodingProperties': no URL paths identified
2019-08-30 13:37:47.623 DEBUG 832 --- [main] o.s.w.s.h.BeanNameUrlHandlerMapping      : Rejected bean name 'org.springframework.boot.autoconfigure.web.JacksonHttpMessageConvertersConfiguration$MappingJackson2HttpMessageConverterConfiguration': no URL paths identified
2019-08-30 13:37:47.623 DEBUG 832 --- [main] o.s.w.s.h.BeanNameUrlHandlerMapping      : Rejected bean name 'mappingJackson2HttpMessageConverter': no URL paths identified
2019-08-30 13:37:47.623 DEBUG 832 --- [main] o.s.w.s.h.BeanNameUrlHandlerMapping      : Rejected bean name 'org.springframework.boot.autoconfigure.web.JacksonHttpMessageConvertersConfiguration': no URL paths identified
2019-08-30 13:37:47.623 DEBUG 832 --- [main] o.s.w.s.h.BeanNameUrlHandlerMapping      : Rejected bean name 'org.springframework.boot.autoconfigure.web.HttpMessageConvertersAutoConfiguration': no URL paths identified
2019-08-30 13:37:47.623 DEBUG 832 --- [main] o.s.w.s.h.BeanNameUrlHandlerMapping      : Rejected bean name 'messageConverters': no URL paths identified
2019-08-30 13:37:47.624 DEBUG 832 --- [main] o.s.w.s.h.BeanNameUrlHandlerMapping      : Rejected bean name 'org.springframework.boot.autoconfigure.info.ProjectInfoAutoConfiguration': no URL paths identified
2019-08-30 13:37:47.625 DEBUG 832 --- [main] o.s.w.s.h.BeanNameUrlHandlerMapping      : Rejected bean name 'spring.info-org.springframework.boot.autoconfigure.info.ProjectInfoProperties': no URL paths identified
2019-08-30 13:37:47.625 DEBUG 832 --- [main] o.s.w.s.h.BeanNameUrlHandlerMapping      : Rejected bean name 'org.springframework.boot.autoconfigure.jdbc.DataSourceTransactionManagerAutoConfiguration$DataSourceTransactionManagerConfiguration': no URL paths identified
2019-08-30 13:37:47.625 DEBUG 832 --- [main] o.s.w.s.h.BeanNameUrlHandlerMapping      : Rejected bean name 'transactionManager': no URL paths identified
2019-08-30 13:37:47.625 DEBUG 832 --- [main] o.s.w.s.h.BeanNameUrlHandlerMapping      : Rejected bean name 'org.springframework.boot.autoconfigure.jdbc.DataSourceTransactionManagerAutoConfiguration': no URL paths identified
2019-08-30 13:37:47.625 DEBUG 832 --- [main] o.s.w.s.h.BeanNameUrlHandlerMapping      : Rejected bean name 'org.springframework.boot.autoconfigure.jdbc.JdbcTemplateAutoConfiguration': no URL paths identified
2019-08-30 13:37:47.626 DEBUG 832 --- [main] o.s.w.s.h.BeanNameUrlHandlerMapping      : Rejected bean name 'jdbcTemplate': no URL paths identified
2019-08-30 13:37:47.626 DEBUG 832 --- [main] o.s.w.s.h.BeanNameUrlHandlerMapping      : Rejected bean name 'namedParameterJdbcTemplate': no URL paths identified
2019-08-30 13:37:47.626 DEBUG 832 --- [main] o.s.w.s.h.BeanNameUrlHandlerMapping      : Rejected bean name 'org.springframework.transaction.annotation.ProxyTransactionManagementConfiguration': no URL paths identified
2019-08-30 13:37:47.626 DEBUG 832 --- [main] o.s.w.s.h.BeanNameUrlHandlerMapping      : Rejected bean name 'org.springframework.transaction.config.internalTransactionAdvisor': no URL paths identified
2019-08-30 13:37:47.626 DEBUG 832 --- [main] o.s.w.s.h.BeanNameUrlHandlerMapping      : Rejected bean name 'transactionAttributeSource': no URL paths identified
2019-08-30 13:37:47.626 DEBUG 832 --- [main] o.s.w.s.h.BeanNameUrlHandlerMapping      : Rejected bean name 'transactionInterceptor': no URL paths identified
2019-08-30 13:37:47.626 DEBUG 832 --- [main] o.s.w.s.h.BeanNameUrlHandlerMapping      : Rejected bean name 'org.springframework.transaction.config.internalTransactionalEventListenerFactory': no URL paths identified
2019-08-30 13:37:47.627 DEBUG 832 --- [main] o.s.w.s.h.BeanNameUrlHandlerMapping      : Rejected bean name 'org.springframework.boot.autoconfigure.transaction.TransactionAutoConfiguration$EnableTransactionManagementConfiguration$CglibAutoProxyConfiguration': no URL paths identified
2019-08-30 13:37:47.628 DEBUG 832 --- [main] o.s.w.s.h.BeanNameUrlHandlerMapping      : Rejected bean name 'org.springframework.aop.config.internalAutoProxyCreator': no URL paths identified
2019-08-30 13:37:47.628 DEBUG 832 --- [main] o.s.w.s.h.BeanNameUrlHandlerMapping      : Rejected bean name 'org.springframework.boot.autoconfigure.transaction.TransactionAutoConfiguration$EnableTransactionManagementConfiguration': no URL paths identified
2019-08-30 13:37:47.629 DEBUG 832 --- [main] o.s.w.s.h.BeanNameUrlHandlerMapping      : Rejected bean name 'org.springframework.boot.autoconfigure.transaction.TransactionAutoConfiguration$TransactionTemplateConfiguration': no URL paths identified
2019-08-30 13:37:47.629 DEBUG 832 --- [main] o.s.w.s.h.BeanNameUrlHandlerMapping      : Rejected bean name 'transactionTemplate': no URL paths identified
2019-08-30 13:37:47.629 DEBUG 832 --- [main] o.s.w.s.h.BeanNameUrlHandlerMapping      : Rejected bean name 'org.springframework.boot.autoconfigure.transaction.TransactionAutoConfiguration': no URL paths identified
2019-08-30 13:37:47.630 DEBUG 832 --- [main] o.s.w.s.h.BeanNameUrlHandlerMapping      : Rejected bean name 'platformTransactionManagerCustomizers': no URL paths identified
2019-08-30 13:37:47.630 DEBUG 832 --- [main] o.s.w.s.h.BeanNameUrlHandlerMapping      : Rejected bean name 'spring.transaction-org.springframework.boot.autoconfigure.transaction.TransactionProperties': no URL paths identified
2019-08-30 13:37:47.630 DEBUG 832 --- [main] o.s.w.s.h.BeanNameUrlHandlerMapping      : Rejected bean name 'org.springframework.boot.autoconfigure.web.HttpEncodingAutoConfiguration': no URL paths identified
2019-08-30 13:37:47.631 DEBUG 832 --- [main] o.s.w.s.h.BeanNameUrlHandlerMapping      : Rejected bean name 'characterEncodingFilter': no URL paths identified
2019-08-30 13:37:47.632 DEBUG 832 --- [main] o.s.w.s.h.BeanNameUrlHandlerMapping      : Rejected bean name 'localeCharsetMappingsCustomizer': no URL paths identified
2019-08-30 13:37:47.632 DEBUG 832 --- [main] o.s.w.s.h.BeanNameUrlHandlerMapping      : Rejected bean name 'org.springframework.boot.autoconfigure.web.MultipartAutoConfiguration': no URL paths identified
2019-08-30 13:37:47.632 DEBUG 832 --- [main] o.s.w.s.h.BeanNameUrlHandlerMapping      : Rejected bean name 'multipartConfigElement': no URL paths identified
2019-08-30 13:37:47.632 DEBUG 832 --- [main] o.s.w.s.h.BeanNameUrlHandlerMapping      : Rejected bean name 'multipartResolver': no URL paths identified
2019-08-30 13:37:47.632 DEBUG 832 --- [main] o.s.w.s.h.BeanNameUrlHandlerMapping      : Rejected bean name 'spring.http.multipart-org.springframework.boot.autoconfigure.web.MultipartProperties': no URL paths identified
2019-08-30 13:37:47.632 DEBUG 832 --- [main] o.s.w.s.h.BeanNameUrlHandlerMapping      : Rejected bean name 'org.springframework.boot.autoconfigure.web.ServerPropertiesAutoConfiguration': no URL paths identified
2019-08-30 13:37:47.632 DEBUG 832 --- [main] o.s.w.s.h.BeanNameUrlHandlerMapping      : Rejected bean name 'serverProperties': no URL paths identified
2019-08-30 13:37:47.632 DEBUG 832 --- [main] o.s.w.s.h.BeanNameUrlHandlerMapping      : Rejected bean name 'duplicateServerPropertiesDetector': no URL paths identified
2019-08-30 13:37:47.632 DEBUG 832 --- [main] o.s.w.s.h.BeanNameUrlHandlerMapping      : Rejected bean name 'org.springframework.boot.autoconfigure.web.WebClientAutoConfiguration$RestTemplateConfiguration': no URL paths identified
2019-08-30 13:37:47.632 DEBUG 832 --- [main] o.s.w.s.h.BeanNameUrlHandlerMapping      : Rejected bean name 'restTemplateBuilder': no URL paths identified
2019-08-30 13:37:47.632 DEBUG 832 --- [main] o.s.w.s.h.BeanNameUrlHandlerMapping      : Rejected bean name 'org.springframework.boot.autoconfigure.web.WebClientAutoConfiguration': no URL paths identified
2019-08-30 13:37:47.633 DEBUG 832 --- [main] o.s.w.s.h.BeanNameUrlHandlerMapping      : Rejected bean name 'autoConfigurationReport': no URL paths identified
2019-08-30 13:37:47.633 DEBUG 832 --- [main] o.s.w.s.h.BeanNameUrlHandlerMapping      : Rejected bean name 'springApplicationArguments': no URL paths identified
2019-08-30 13:37:47.633 DEBUG 832 --- [main] o.s.w.s.h.BeanNameUrlHandlerMapping      : Rejected bean name 'springBootBanner': no URL paths identified
2019-08-30 13:37:47.633 DEBUG 832 --- [main] o.s.w.s.h.BeanNameUrlHandlerMapping      : Rejected bean name 'springBootLoggingSystem': no URL paths identified
2019-08-30 13:37:47.633 DEBUG 832 --- [main] o.s.w.s.h.BeanNameUrlHandlerMapping      : Rejected bean name 'environment': no URL paths identified
2019-08-30 13:37:47.633 DEBUG 832 --- [main] o.s.w.s.h.BeanNameUrlHandlerMapping      : Rejected bean name 'systemProperties': no URL paths identified
2019-08-30 13:37:47.633 DEBUG 832 --- [main] o.s.w.s.h.BeanNameUrlHandlerMapping      : Rejected bean name 'systemEnvironment': no URL paths identified
2019-08-30 13:37:47.633 DEBUG 832 --- [main] o.s.w.s.h.BeanNameUrlHandlerMapping      : Rejected bean name 'org.springframework.context.annotation.ConfigurationClassPostProcessor.importRegistry': no URL paths identified
2019-08-30 13:37:47.633 DEBUG 832 --- [main] o.s.w.s.h.BeanNameUrlHandlerMapping      : Rejected bean name 'messageSource': no URL paths identified
2019-08-30 13:37:47.633 DEBUG 832 --- [main] o.s.w.s.h.BeanNameUrlHandlerMapping      : Rejected bean name 'applicationEventMulticaster': no URL paths identified
2019-08-30 13:37:47.633 DEBUG 832 --- [main] o.s.w.s.h.BeanNameUrlHandlerMapping      : Rejected bean name 'servletContext': no URL paths identified
2019-08-30 13:37:47.633 DEBUG 832 --- [main] o.s.w.s.h.BeanNameUrlHandlerMapping      : Rejected bean name 'contextParameters': no URL paths identified
2019-08-30 13:37:47.633 DEBUG 832 --- [main] o.s.w.s.h.BeanNameUrlHandlerMapping      : Rejected bean name 'contextAttributes': no URL paths identified
2019-08-30 13:37:47.646  INFO 832 --- [main] o.s.w.s.handler.SimpleUrlHandlerMapping  : Mapped URL path [/webjars/**] onto handler of type [class org.springframework.web.servlet.resource.ResourceHttpRequestHandler]
2019-08-30 13:37:47.646  INFO 832 --- [main] o.s.w.s.handler.SimpleUrlHandlerMapping  : Mapped URL path [/**] onto handler of type [class org.springframework.web.servlet.resource.ResourceHttpRequestHandler]
2019-08-30 13:37:47.656 DEBUG 832 --- [main] .m.m.a.ExceptionHandlerExceptionResolver : Looking for exception mappings: org.springframework.boot.context.embedded.AnnotationConfigEmbeddedWebApplicationContext@70ed52de: startup date [Fri Aug 30 13:37:44 CST 2019]; root of context hierarchy
2019-08-30 13:37:47.660  INFO 832 --- [main] .m.m.a.ExceptionHandlerExceptionResolver : Detected @ExceptionHandler methods in exceptionController
2019-08-30 13:37:47.680  INFO 832 --- [main] o.s.w.s.handler.SimpleUrlHandlerMapping  : Mapped URL path [/**/favicon.ico] onto handler of type [class org.springframework.web.servlet.resource.ResourceHttpRequestHandler]
2019-08-30 13:37:47.949  INFO 832 --- [main] o.s.j.e.a.AnnotationMBeanExporter        : Registering beans for JMX exposure on startup
2019-08-30 13:37:47.962 DEBUG 832 --- [main] o.s.w.s.resource.ResourceUrlProvider     : Looking for resource handler mappings
2019-08-30 13:37:47.963 DEBUG 832 --- [main] o.s.w.s.resource.ResourceUrlProvider     : Found resource handler mapping: URL pattern="/**/favicon.ico", locations=[ServletContext resource [/], class path resource [META-INF/resources/], class path resource [resources/], class path resource [static/], class path resource [public/], class path resource []], resolvers=[org.springframework.web.servlet.resource.PathResourceResolver@4315c28c]
2019-08-30 13:37:47.964 DEBUG 832 --- [main] o.s.w.s.resource.ResourceUrlProvider     : Found resource handler mapping: URL pattern="/webjars/**", locations=[class path resource [META-INF/resources/webjars/]], resolvers=[org.springframework.web.servlet.resource.PathResourceResolver@8fd91d1]
2019-08-30 13:37:47.964 DEBUG 832 --- [main] o.s.w.s.resource.ResourceUrlProvider     : Found resource handler mapping: URL pattern="/**", locations=[ServletContext resource [/], class path resource [META-INF/resources/], class path resource [resources/], class path resource [static/], class path resource [public/]], resolvers=[org.springframework.web.servlet.resource.PathResourceResolver@52d0f583]
2019-08-30 13:37:48.018  INFO 832 --- [main] s.b.c.e.t.TomcatEmbeddedServletContainer : Tomcat started on port(s): 8080 (http)
2019-08-30 13:37:48.020 DEBUG 832 --- [main] o.s.w.c.s.StandardServletEnvironment     : Adding [server.ports] PropertySource with highest search precedence
2019-08-30 13:37:48.027  INFO 832 --- [main] com.howie.shiro.ShiroApplication         : Started ShiroApplication in 4.185 seconds (JVM running for 7.097)
2019-08-30 13:38:55.321 DEBUG 832 --- [http-nio-8080-exec-1] o.s.web.servlet.DispatcherServlet        : Initializing servlet 'dispatcherServlet'
2019-08-30 13:38:55.322  INFO 832 --- [http-nio-8080-exec-1] o.a.c.c.C.[Tomcat].[localhost].[/]       : Initializing Spring FrameworkServlet 'dispatcherServlet'
2019-08-30 13:38:55.323  INFO 832 --- [http-nio-8080-exec-1] o.s.web.servlet.DispatcherServlet        : FrameworkServlet 'dispatcherServlet': initialization started
2019-08-30 13:38:55.323 DEBUG 832 --- [http-nio-8080-exec-1] o.s.web.servlet.DispatcherServlet        : Using MultipartResolver [org.springframework.web.multipart.support.StandardServletMultipartResolver@31eb40b7]
2019-08-30 13:38:55.329 DEBUG 832 --- [http-nio-8080-exec-1] o.s.web.servlet.DispatcherServlet        : Unable to locate LocaleResolver with name 'localeResolver': using default [org.springframework.web.servlet.i18n.AcceptHeaderLocaleResolver@20fcd3d]
2019-08-30 13:38:55.333 DEBUG 832 --- [http-nio-8080-exec-1] o.s.web.servlet.DispatcherServlet        : Unable to locate ThemeResolver with name 'themeResolver': using default [org.springframework.web.servlet.theme.FixedThemeResolver@2fc30e85]
2019-08-30 13:38:55.338 DEBUG 832 --- [http-nio-8080-exec-1] o.s.web.servlet.DispatcherServlet        : Unable to locate RequestToViewNameTranslator with name 'viewNameTranslator': using default [org.springframework.web.servlet.view.DefaultRequestToViewNameTranslator@1bd2a3f8]
2019-08-30 13:38:55.345 DEBUG 832 --- [http-nio-8080-exec-1] o.s.web.servlet.DispatcherServlet        : Unable to locate FlashMapManager with name 'flashMapManager': using default [org.springframework.web.servlet.support.SessionFlashMapManager@3f249e09]
2019-08-30 13:38:55.345 DEBUG 832 --- [http-nio-8080-exec-1] o.s.web.servlet.DispatcherServlet        : Published WebApplicationContext of servlet 'dispatcherServlet' as ServletContext attribute with name [org.springframework.web.servlet.FrameworkServlet.CONTEXT.dispatcherServlet]
2019-08-30 13:38:55.345  INFO 832 --- [http-nio-8080-exec-1] o.s.web.servlet.DispatcherServlet        : FrameworkServlet 'dispatcherServlet': initialization completed in 22 ms
2019-08-30 13:38:55.346 DEBUG 832 --- [http-nio-8080-exec-1] o.s.web.servlet.DispatcherServlet        : Servlet 'dispatcherServlet' configured successfully
2019-08-30 13:38:55.615  WARN 832 --- [http-nio-8080-exec-1] o.a.c.util.SessionIdGeneratorBase        : Creation of SecureRandom instance for session ID generation using [SHA1PRNG] took [246] milliseconds.
2019-08-30 13:38:55.636 DEBUG 832 --- [http-nio-8080-exec-3] o.s.web.servlet.DispatcherServlet        : DispatcherServlet with name 'dispatcherServlet' processing GET request for [/notLogin;jsessionid=B8A2E42994D1EB0943F69F7B912D627D]
2019-08-30 13:38:55.639 DEBUG 832 --- [http-nio-8080-exec-3] s.w.s.m.m.a.RequestMappingHandlerMapping : Looking up handler method for path /notLogin
2019-08-30 13:38:55.642 DEBUG 832 --- [http-nio-8080-exec-3] s.w.s.m.m.a.RequestMappingHandlerMapping : Returning handler method [public com.howie.shiro.model.ResultMap com.howie.shiro.controller.LoginController.notLogin()]
2019-08-30 13:38:55.642 DEBUG 832 --- [http-nio-8080-exec-3] o.s.web.servlet.DispatcherServlet        : Last-Modified value for [/notLogin;jsessionid=B8A2E42994D1EB0943F69F7B912D627D] is: -1
2019-08-30 13:38:55.702 DEBUG 832 --- [http-nio-8080-exec-3] m.m.a.RequestResponseBodyMethodProcessor : Written [{result=success, message=}] as "application/json" using [org.springframework.http.converter.json.MappingJackson2HttpMessageConverter@7ccfdaef]
2019-08-30 13:38:55.702 DEBUG 832 --- [http-nio-8080-exec-3] o.s.web.servlet.DispatcherServlet        : Null ModelAndView returned to DispatcherServlet with name 'dispatcherServlet': assuming HandlerAdapter completed request handling
2019-08-30 13:38:55.703 DEBUG 832 --- [http-nio-8080-exec-3] o.s.web.servlet.DispatcherServlet        : Successfully completed request
2019-08-30 13:57:33.461 DEBUG 832 --- [http-nio-8080-exec-6] o.s.web.servlet.DispatcherServlet        : DispatcherServlet with name 'dispatcherServlet' processing GET request for [/login]
2019-08-30 13:57:33.462 DEBUG 832 --- [http-nio-8080-exec-6] s.w.s.m.m.a.RequestMappingHandlerMapping : Looking up handler method for path /login
2019-08-30 13:57:33.467 DEBUG 832 --- [http-nio-8080-exec-6] .m.m.a.ExceptionHandlerExceptionResolver : Resolving exception from handler [null]: org.springframework.web.HttpRequestMethodNotSupportedException: Request method 'GET' not supported
2019-08-30 13:57:33.468 DEBUG 832 --- [http-nio-8080-exec-6] .w.s.m.a.ResponseStatusExceptionResolver : Resolving exception from handler [null]: org.springframework.web.HttpRequestMethodNotSupportedException: Request method 'GET' not supported
2019-08-30 13:57:33.468 DEBUG 832 --- [http-nio-8080-exec-6] .w.s.m.s.DefaultHandlerExceptionResolver : Resolving exception from handler [null]: org.springframework.web.HttpRequestMethodNotSupportedException: Request method 'GET' not supported
2019-08-30 13:57:33.468  WARN 832 --- [http-nio-8080-exec-6] o.s.web.servlet.PageNotFound             : Request method 'GET' not supported
2019-08-30 13:57:33.469 DEBUG 832 --- [http-nio-8080-exec-6] o.s.web.servlet.DispatcherServlet        : Null ModelAndView returned to DispatcherServlet with name 'dispatcherServlet': assuming HandlerAdapter completed request handling
2019-08-30 13:57:33.469 DEBUG 832 --- [http-nio-8080-exec-6] o.s.web.servlet.DispatcherServlet        : Successfully completed request
2019-08-30 13:57:33.478 DEBUG 832 --- [http-nio-8080-exec-6] o.s.web.servlet.DispatcherServlet        : DispatcherServlet with name 'dispatcherServlet' processing GET request for [/error]
2019-08-30 13:57:33.479 DEBUG 832 --- [http-nio-8080-exec-6] s.w.s.m.m.a.RequestMappingHandlerMapping : Looking up handler method for path /error
2019-08-30 13:57:33.480 DEBUG 832 --- [http-nio-8080-exec-6] s.w.s.m.m.a.RequestMappingHandlerMapping : Returning handler method [public org.springframework.http.ResponseEntity<java.util.Map<java.lang.String, java.lang.Object>> org.springframework.boot.autoconfigure.web.BasicErrorController.error(javax.servlet.http.HttpServletRequest)]
2019-08-30 13:57:33.481 DEBUG 832 --- [http-nio-8080-exec-6] o.s.web.servlet.DispatcherServlet        : Last-Modified value for [/error] is: -1
2019-08-30 13:57:33.506 DEBUG 832 --- [http-nio-8080-exec-6] o.s.w.s.m.m.a.HttpEntityMethodProcessor  : Written [{timestamp=Fri Aug 30 13:57:33 CST 2019, status=405, error=Method Not Allowed, exception=org.springframework.web.HttpRequestMethodNotSupportedException, message=Request method 'GET' not supported, path=/login}] as "application/json" using [org.springframework.http.converter.json.MappingJackson2HttpMessageConverter@7ccfdaef]
2019-08-30 13:57:33.506 DEBUG 832 --- [http-nio-8080-exec-6] o.s.web.servlet.DispatcherServlet        : Null ModelAndView returned to DispatcherServlet with name 'dispatcherServlet': assuming HandlerAdapter completed request handling
2019-08-30 13:57:33.506 DEBUG 832 --- [http-nio-8080-exec-6] o.s.web.servlet.DispatcherServlet        : Successfully completed request
2019-08-30 14:04:15.258 DEBUG 832 --- [http-nio-8080-exec-9] o.s.web.servlet.DispatcherServlet        : DispatcherServlet with name 'dispatcherServlet' processing GET request for [/login]
2019-08-30 14:04:15.259 DEBUG 832 --- [http-nio-8080-exec-9] s.w.s.m.m.a.RequestMappingHandlerMapping : Looking up handler method for path /login
2019-08-30 14:04:15.261 DEBUG 832 --- [http-nio-8080-exec-9] .m.m.a.ExceptionHandlerExceptionResolver : Resolving exception from handler [null]: org.springframework.web.HttpRequestMethodNotSupportedException: Request method 'GET' not supported
2019-08-30 14:04:15.262 DEBUG 832 --- [http-nio-8080-exec-9] .w.s.m.a.ResponseStatusExceptionResolver : Resolving exception from handler [null]: org.springframework.web.HttpRequestMethodNotSupportedException: Request method 'GET' not supported
2019-08-30 14:04:15.262 DEBUG 832 --- [http-nio-8080-exec-9] .w.s.m.s.DefaultHandlerExceptionResolver : Resolving exception from handler [null]: org.springframework.web.HttpRequestMethodNotSupportedException: Request method 'GET' not supported
2019-08-30 14:04:15.262  WARN 832 --- [http-nio-8080-exec-9] o.s.web.servlet.PageNotFound             : Request method 'GET' not supported
2019-08-30 14:04:15.262 DEBUG 832 --- [http-nio-8080-exec-9] o.s.web.servlet.DispatcherServlet        : Null ModelAndView returned to DispatcherServlet with name 'dispatcherServlet': assuming HandlerAdapter completed request handling
2019-08-30 14:04:15.262 DEBUG 832 --- [http-nio-8080-exec-9] o.s.web.servlet.DispatcherServlet        : Successfully completed request
2019-08-30 14:04:15.264 DEBUG 832 --- [http-nio-8080-exec-9] o.s.web.servlet.DispatcherServlet        : DispatcherServlet with name 'dispatcherServlet' processing GET request for [/error]
2019-08-30 14:04:15.264 DEBUG 832 --- [http-nio-8080-exec-9] s.w.s.m.m.a.RequestMappingHandlerMapping : Looking up handler method for path /error
2019-08-30 14:04:15.266 DEBUG 832 --- [http-nio-8080-exec-9] s.w.s.m.m.a.RequestMappingHandlerMapping : Returning handler method [public org.springframework.http.ResponseEntity<java.util.Map<java.lang.String, java.lang.Object>> org.springframework.boot.autoconfigure.web.BasicErrorController.error(javax.servlet.http.HttpServletRequest)]
2019-08-30 14:04:15.266 DEBUG 832 --- [http-nio-8080-exec-9] o.s.web.servlet.DispatcherServlet        : Last-Modified value for [/error] is: -1
2019-08-30 14:04:15.271 DEBUG 832 --- [http-nio-8080-exec-9] o.s.w.s.m.m.a.HttpEntityMethodProcessor  : Written [{timestamp=Fri Aug 30 14:04:15 CST 2019, status=405, error=Method Not Allowed, exception=org.springframework.web.HttpRequestMethodNotSupportedException, message=Request method 'GET' not supported, path=/login}] as "application/json" using [org.springframework.http.converter.json.MappingJackson2HttpMessageConverter@7ccfdaef]
2019-08-30 14:04:15.271 DEBUG 832 --- [http-nio-8080-exec-9] o.s.web.servlet.DispatcherServlet        : Null ModelAndView returned to DispatcherServlet with name 'dispatcherServlet': assuming HandlerAdapter completed request handling
2019-08-30 14:04:15.271 DEBUG 832 --- [http-nio-8080-exec-9] o.s.web.servlet.DispatcherServlet        : Successfully completed request
2019-08-30 14:04:31.663 DEBUG 832 --- [http-nio-8080-exec-10] o.s.web.servlet.DispatcherServlet        : DispatcherServlet with name 'dispatcherServlet' processing POST request for [/login]
2019-08-30 14:04:31.666 DEBUG 832 --- [http-nio-8080-exec-10] s.w.s.m.m.a.RequestMappingHandlerMapping : Looking up handler method for path /login
2019-08-30 14:04:31.667 DEBUG 832 --- [http-nio-8080-exec-10] s.w.s.m.m.a.RequestMappingHandlerMapping : Returning handler method [public com.howie.shiro.model.ResultMap com.howie.shiro.controller.LoginController.login(java.lang.String,java.lang.String)]
2019-08-30 14:04:32.460 DEBUG 832 --- [http-nio-8080-exec-10] c.h.shiro.mapper.UserMapper.getPassword  : ==>  Preparing: SELECT password FROM user WHERE username = ? 
2019-08-30 14:04:32.478 DEBUG 832 --- [http-nio-8080-exec-10] c.h.shiro.mapper.UserMapper.getPassword  : ==> Parameters: null
2019-08-30 14:04:32.487 DEBUG 832 --- [http-nio-8080-exec-10] c.h.shiro.mapper.UserMapper.getPassword  : <==      Total: 0
2019-08-30 14:04:32.489 DEBUG 832 --- [http-nio-8080-exec-10] .m.m.a.ExceptionHandlerExceptionResolver : Resolving exception from handler [public com.howie.shiro.model.ResultMap com.howie.shiro.controller.LoginController.login(java.lang.String,java.lang.String)]: org.apache.shiro.authc.AccountException: 
2019-08-30 14:04:32.490 DEBUG 832 --- [http-nio-8080-exec-10] .m.m.a.ExceptionHandlerExceptionResolver : Invoking @ExceptionHandler method: public com.howie.shiro.model.ResultMap com.howie.shiro.controller.ExceptionController.handleShiroException(java.lang.Exception)
2019-08-30 14:04:32.492 DEBUG 832 --- [http-nio-8080-exec-10] m.m.a.RequestResponseBodyMethodProcessor : Written [{result=fail, message=}] as "application/json" using [org.springframework.http.converter.json.MappingJackson2HttpMessageConverter@7ccfdaef]
2019-08-30 14:04:32.492 DEBUG 832 --- [http-nio-8080-exec-10] o.s.web.servlet.DispatcherServlet        : Null ModelAndView returned to DispatcherServlet with name 'dispatcherServlet': assuming HandlerAdapter completed request handling
2019-08-30 14:04:32.492 DEBUG 832 --- [http-nio-8080-exec-10] o.s.web.servlet.DispatcherServlet        : Successfully completed request
2019-08-30 14:04:48.097 DEBUG 832 --- [http-nio-8080-exec-2] o.s.web.servlet.DispatcherServlet        : DispatcherServlet with name 'dispatcherServlet' processing POST request for [/login]
2019-08-30 14:04:48.098 DEBUG 832 --- [http-nio-8080-exec-2] s.w.s.m.m.a.RequestMappingHandlerMapping : Looking up handler method for path /login
2019-08-30 14:04:48.098 DEBUG 832 --- [http-nio-8080-exec-2] s.w.s.m.m.a.RequestMappingHandlerMapping : Returning handler method [public com.howie.shiro.model.ResultMap com.howie.shiro.controller.LoginController.login(java.lang.String,java.lang.String)]
2019-08-30 14:04:48.102 DEBUG 832 --- [http-nio-8080-exec-2] c.h.shiro.mapper.UserMapper.getPassword  : ==>  Preparing: SELECT password FROM user WHERE username = ? 
2019-08-30 14:04:48.102 DEBUG 832 --- [http-nio-8080-exec-2] c.h.shiro.mapper.UserMapper.getPassword  : ==> Parameters: null
2019-08-30 14:04:48.103 DEBUG 832 --- [http-nio-8080-exec-2] c.h.shiro.mapper.UserMapper.getPassword  : <==      Total: 0
2019-08-30 14:04:48.104 DEBUG 832 --- [http-nio-8080-exec-2] .m.m.a.ExceptionHandlerExceptionResolver : Resolving exception from handler [public com.howie.shiro.model.ResultMap com.howie.shiro.controller.LoginController.login(java.lang.String,java.lang.String)]: org.apache.shiro.authc.AccountException: 
2019-08-30 14:04:48.105 DEBUG 832 --- [http-nio-8080-exec-2] .m.m.a.ExceptionHandlerExceptionResolver : Invoking @ExceptionHandler method: public com.howie.shiro.model.ResultMap com.howie.shiro.controller.ExceptionController.handleShiroException(java.lang.Exception)
2019-08-30 14:04:48.106 DEBUG 832 --- [http-nio-8080-exec-2] m.m.a.RequestResponseBodyMethodProcessor : Written [{result=fail, message=}] as "application/json" using [org.springframework.http.converter.json.MappingJackson2HttpMessageConverter@7ccfdaef]
2019-08-30 14:04:48.107 DEBUG 832 --- [http-nio-8080-exec-2] o.s.web.servlet.DispatcherServlet        : Null ModelAndView returned to DispatcherServlet with name 'dispatcherServlet': assuming HandlerAdapter completed request handling
2019-08-30 14:04:48.107 DEBUG 832 --- [http-nio-8080-exec-2] o.s.web.servlet.DispatcherServlet        : Successfully completed request
2019-08-30 14:04:54.178 DEBUG 832 --- [http-nio-8080-exec-1] o.s.web.servlet.DispatcherServlet        : DispatcherServlet with name 'dispatcherServlet' processing POST request for [/login]
2019-08-30 14:04:54.178 DEBUG 832 --- [http-nio-8080-exec-1] s.w.s.m.m.a.RequestMappingHandlerMapping : Looking up handler method for path /login
2019-08-30 14:04:54.178 DEBUG 832 --- [http-nio-8080-exec-1] s.w.s.m.m.a.RequestMappingHandlerMapping : Returning handler method [public com.howie.shiro.model.ResultMap com.howie.shiro.controller.LoginController.login(java.lang.String,java.lang.String)]
2019-08-30 14:04:54.179 DEBUG 832 --- [http-nio-8080-exec-1] c.h.shiro.mapper.UserMapper.getPassword  : ==>  Preparing: SELECT password FROM user WHERE username = ? 
2019-08-30 14:04:54.180 DEBUG 832 --- [http-nio-8080-exec-1] c.h.shiro.mapper.UserMapper.getPassword  : ==> Parameters: null
2019-08-30 14:04:54.180 DEBUG 832 --- [http-nio-8080-exec-1] c.h.shiro.mapper.UserMapper.getPassword  : <==      Total: 0
2019-08-30 14:04:54.182 DEBUG 832 --- [http-nio-8080-exec-1] .m.m.a.ExceptionHandlerExceptionResolver : Resolving exception from handler [public com.howie.shiro.model.ResultMap com.howie.shiro.controller.LoginController.login(java.lang.String,java.lang.String)]: org.apache.shiro.authc.AccountException: 
2019-08-30 14:04:54.182 DEBUG 832 --- [http-nio-8080-exec-1] .m.m.a.ExceptionHandlerExceptionResolver : Invoking @ExceptionHandler method: public com.howie.shiro.model.ResultMap com.howie.shiro.controller.ExceptionController.handleShiroException(java.lang.Exception)
2019-08-30 14:04:54.184 DEBUG 832 --- [http-nio-8080-exec-1] m.m.a.RequestResponseBodyMethodProcessor : Written [{result=fail, message=}] as "application/json" using [org.springframework.http.converter.json.MappingJackson2HttpMessageConverter@7ccfdaef]
2019-08-30 14:04:54.184 DEBUG 832 --- [http-nio-8080-exec-1] o.s.web.servlet.DispatcherServlet        : Null ModelAndView returned to DispatcherServlet with name 'dispatcherServlet': assuming HandlerAdapter completed request handling
2019-08-30 14:04:54.185 DEBUG 832 --- [http-nio-8080-exec-1] o.s.web.servlet.DispatcherServlet        : Successfully completed request
2019-08-30 14:05:53.601 DEBUG 832 --- [http-nio-8080-exec-3] o.s.web.servlet.DispatcherServlet        : DispatcherServlet with name 'dispatcherServlet' processing POST request for [/login]
2019-08-30 14:05:53.601 DEBUG 832 --- [http-nio-8080-exec-3] s.w.s.m.m.a.RequestMappingHandlerMapping : Looking up handler method for path /login
2019-08-30 14:05:53.602 DEBUG 832 --- [http-nio-8080-exec-3] s.w.s.m.m.a.RequestMappingHandlerMapping : Returning handler method [public com.howie.shiro.model.ResultMap com.howie.shiro.controller.LoginController.login(java.lang.String,java.lang.String)]
2019-08-30 14:05:53.603 DEBUG 832 --- [http-nio-8080-exec-3] c.h.shiro.mapper.UserMapper.getPassword  : ==>  Preparing: SELECT password FROM user WHERE username = ? 
2019-08-30 14:05:53.604 DEBUG 832 --- [http-nio-8080-exec-3] c.h.shiro.mapper.UserMapper.getPassword  : ==> Parameters: null
2019-08-30 14:05:53.605 DEBUG 832 --- [http-nio-8080-exec-3] c.h.shiro.mapper.UserMapper.getPassword  : <==      Total: 0
2019-08-30 14:05:53.605 DEBUG 832 --- [http-nio-8080-exec-3] .m.m.a.ExceptionHandlerExceptionResolver : Resolving exception from handler [public com.howie.shiro.model.ResultMap com.howie.shiro.controller.LoginController.login(java.lang.String,java.lang.String)]: org.apache.shiro.authc.AccountException: 
2019-08-30 14:05:53.606 DEBUG 832 --- [http-nio-8080-exec-3] .m.m.a.ExceptionHandlerExceptionResolver : Invoking @ExceptionHandler method: public com.howie.shiro.model.ResultMap com.howie.shiro.controller.ExceptionController.handleShiroException(java.lang.Exception)
2019-08-30 14:05:53.608 DEBUG 832 --- [http-nio-8080-exec-3] m.m.a.RequestResponseBodyMethodProcessor : Written [{result=fail, message=}] as "application/json" using [org.springframework.http.converter.json.MappingJackson2HttpMessageConverter@7ccfdaef]
2019-08-30 14:05:53.608 DEBUG 832 --- [http-nio-8080-exec-3] o.s.web.servlet.DispatcherServlet        : Null ModelAndView returned to DispatcherServlet with name 'dispatcherServlet': assuming HandlerAdapter completed request handling
2019-08-30 14:05:53.608 DEBUG 832 --- [http-nio-8080-exec-3] o.s.web.servlet.DispatcherServlet        : Successfully completed request
2019-08-30 14:06:13.606 DEBUG 832 --- [http-nio-8080-exec-4] o.s.web.servlet.DispatcherServlet        : DispatcherServlet with name 'dispatcherServlet' processing POST request for [/login]
2019-08-30 14:06:13.606 DEBUG 832 --- [http-nio-8080-exec-4] s.w.s.m.m.a.RequestMappingHandlerMapping : Looking up handler method for path /login
2019-08-30 14:06:13.606 DEBUG 832 --- [http-nio-8080-exec-4] s.w.s.m.m.a.RequestMappingHandlerMapping : Returning handler method [public com.howie.shiro.model.ResultMap com.howie.shiro.controller.LoginController.login(java.lang.String,java.lang.String)]
2019-08-30 14:06:13.608 DEBUG 832 --- [http-nio-8080-exec-4] c.h.shiro.mapper.UserMapper.getPassword  : ==>  Preparing: SELECT password FROM user WHERE username = ? 
2019-08-30 14:06:13.608 DEBUG 832 --- [http-nio-8080-exec-4] c.h.shiro.mapper.UserMapper.getPassword  : ==> Parameters: null
2019-08-30 14:06:13.609 DEBUG 832 --- [http-nio-8080-exec-4] c.h.shiro.mapper.UserMapper.getPassword  : <==      Total: 0
2019-08-30 14:06:13.610 DEBUG 832 --- [http-nio-8080-exec-4] .m.m.a.ExceptionHandlerExceptionResolver : Resolving exception from handler [public com.howie.shiro.model.ResultMap com.howie.shiro.controller.LoginController.login(java.lang.String,java.lang.String)]: org.apache.shiro.authc.AccountException: 
2019-08-30 14:06:13.610 DEBUG 832 --- [http-nio-8080-exec-4] .m.m.a.ExceptionHandlerExceptionResolver : Invoking @ExceptionHandler method: public com.howie.shiro.model.ResultMap com.howie.shiro.controller.ExceptionController.handleShiroException(java.lang.Exception)
2019-08-30 14:06:13.612 DEBUG 832 --- [http-nio-8080-exec-4] m.m.a.RequestResponseBodyMethodProcessor : Written [{result=fail, message=}] as "application/json" using [org.springframework.http.converter.json.MappingJackson2HttpMessageConverter@7ccfdaef]
2019-08-30 14:06:13.613 DEBUG 832 --- [http-nio-8080-exec-4] o.s.web.servlet.DispatcherServlet        : Null ModelAndView returned to DispatcherServlet with name 'dispatcherServlet': assuming HandlerAdapter completed request handling
2019-08-30 14:06:13.613 DEBUG 832 --- [http-nio-8080-exec-4] o.s.web.servlet.DispatcherServlet        : Successfully completed request
2019-08-30 14:06:57.444 DEBUG 832 --- [http-nio-8080-exec-5] o.s.web.servlet.DispatcherServlet        : DispatcherServlet with name 'dispatcherServlet' processing GET request for [/notLogin]
2019-08-30 14:06:57.445 DEBUG 832 --- [http-nio-8080-exec-5] s.w.s.m.m.a.RequestMappingHandlerMapping : Looking up handler method for path /notLogin
2019-08-30 14:06:57.446 DEBUG 832 --- [http-nio-8080-exec-5] s.w.s.m.m.a.RequestMappingHandlerMapping : Returning handler method [public com.howie.shiro.model.ResultMap com.howie.shiro.controller.LoginController.notLogin()]
2019-08-30 14:06:57.448 DEBUG 832 --- [http-nio-8080-exec-5] o.s.web.servlet.DispatcherServlet        : Last-Modified value for [/notLogin] is: -1
2019-08-30 14:06:57.453 DEBUG 832 --- [http-nio-8080-exec-5] m.m.a.RequestResponseBodyMethodProcessor : Written [{result=success, message=}] as "application/json" using [org.springframework.http.converter.json.MappingJackson2HttpMessageConverter@7ccfdaef]
2019-08-30 14:06:57.454 DEBUG 832 --- [http-nio-8080-exec-5] o.s.web.servlet.DispatcherServlet        : Null ModelAndView returned to DispatcherServlet with name 'dispatcherServlet': assuming HandlerAdapter completed request handling
2019-08-30 14:06:57.454 DEBUG 832 --- [http-nio-8080-exec-5] o.s.web.servlet.DispatcherServlet        : Successfully completed request
2019-08-30 14:07:29.696 DEBUG 832 --- [http-nio-8080-exec-7] o.s.web.servlet.DispatcherServlet        : DispatcherServlet with name 'dispatcherServlet' processing GET request for [/notLogin]
2019-08-30 14:07:29.696 DEBUG 832 --- [http-nio-8080-exec-7] s.w.s.m.m.a.RequestMappingHandlerMapping : Looking up handler method for path /notLogin
2019-08-30 14:07:29.696 DEBUG 832 --- [http-nio-8080-exec-7] s.w.s.m.m.a.RequestMappingHandlerMapping : Returning handler method [public com.howie.shiro.model.ResultMap com.howie.shiro.controller.LoginController.notLogin()]
2019-08-30 14:07:29.696 DEBUG 832 --- [http-nio-8080-exec-7] o.s.web.servlet.DispatcherServlet        : Last-Modified value for [/notLogin] is: -1
2019-08-30 14:07:29.698 DEBUG 832 --- [http-nio-8080-exec-7] m.m.a.RequestResponseBodyMethodProcessor : Written [{result=success, message=}] as "application/json" using [org.springframework.http.converter.json.MappingJackson2HttpMessageConverter@7ccfdaef]
2019-08-30 14:07:29.698 DEBUG 832 --- [http-nio-8080-exec-7] o.s.web.servlet.DispatcherServlet        : Null ModelAndView returned to DispatcherServlet with name 'dispatcherServlet': assuming HandlerAdapter completed request handling
2019-08-30 14:07:29.698 DEBUG 832 --- [http-nio-8080-exec-7] o.s.web.servlet.DispatcherServlet        : Successfully completed request
2019-08-30 14:10:38.368 DEBUG 832 --- [http-nio-8080-exec-2] o.s.web.servlet.DispatcherServlet        : DispatcherServlet with name 'dispatcherServlet' processing GET request for [/notLogin]
2019-08-30 14:10:38.368 DEBUG 832 --- [http-nio-8080-exec-2] s.w.s.m.m.a.RequestMappingHandlerMapping : Looking up handler method for path /notLogin
2019-08-30 14:10:38.369 DEBUG 832 --- [http-nio-8080-exec-2] s.w.s.m.m.a.RequestMappingHandlerMapping : Returning handler method [public com.howie.shiro.model.ResultMap com.howie.shiro.controller.LoginController.notLogin()]
2019-08-30 14:10:38.369 DEBUG 832 --- [http-nio-8080-exec-2] o.s.web.servlet.DispatcherServlet        : Last-Modified value for [/notLogin] is: -1
2019-08-30 14:10:38.371 DEBUG 832 --- [http-nio-8080-exec-2] m.m.a.RequestResponseBodyMethodProcessor : Written [{result=success, message=}] as "application/json" using [org.springframework.http.converter.json.MappingJackson2HttpMessageConverter@7ccfdaef]
2019-08-30 14:10:38.371 DEBUG 832 --- [http-nio-8080-exec-2] o.s.web.servlet.DispatcherServlet        : Null ModelAndView returned to DispatcherServlet with name 'dispatcherServlet': assuming HandlerAdapter completed request handling
2019-08-30 14:10:38.372 DEBUG 832 --- [http-nio-8080-exec-2] o.s.web.servlet.DispatcherServlet        : Successfully completed request
2019-08-30 14:12:09.788 DEBUG 832 --- [http-nio-8080-exec-3] o.s.web.servlet.DispatcherServlet        : DispatcherServlet with name 'dispatcherServlet' processing GET request for [/guest/enter]
2019-08-30 14:12:09.788 DEBUG 832 --- [http-nio-8080-exec-3] s.w.s.m.m.a.RequestMappingHandlerMapping : Looking up handler method for path /guest/enter
2019-08-30 14:12:09.788 DEBUG 832 --- [http-nio-8080-exec-3] s.w.s.m.m.a.RequestMappingHandlerMapping : Returning handler method [public com.howie.shiro.model.ResultMap com.howie.shiro.controller.GuestController.login()]
2019-08-30 14:12:09.788 DEBUG 832 --- [http-nio-8080-exec-3] o.s.web.servlet.DispatcherServlet        : Last-Modified value for [/guest/enter] is: -1
2019-08-30 14:12:09.791 DEBUG 832 --- [http-nio-8080-exec-3] m.m.a.RequestResponseBodyMethodProcessor : Written [{result=success, message=}] as "application/json" using [org.springframework.http.converter.json.MappingJackson2HttpMessageConverter@7ccfdaef]
2019-08-30 14:12:09.791 DEBUG 832 --- [http-nio-8080-exec-3] o.s.web.servlet.DispatcherServlet        : Null ModelAndView returned to DispatcherServlet with name 'dispatcherServlet': assuming HandlerAdapter completed request handling
2019-08-30 14:12:09.791 DEBUG 832 --- [http-nio-8080-exec-3] o.s.web.servlet.DispatcherServlet        : Successfully completed request
2019-08-30 14:12:21.902 DEBUG 832 --- [http-nio-8080-exec-5] o.s.web.servlet.DispatcherServlet        : DispatcherServlet with name 'dispatcherServlet' processing GET request for [/guest/getMessage]
2019-08-30 14:12:21.903 DEBUG 832 --- [http-nio-8080-exec-5] s.w.s.m.m.a.RequestMappingHandlerMapping : Looking up handler method for path /guest/getMessage
2019-08-30 14:12:21.903 DEBUG 832 --- [http-nio-8080-exec-5] s.w.s.m.m.a.RequestMappingHandlerMapping : Returning handler method [public com.howie.shiro.model.ResultMap com.howie.shiro.controller.GuestController.submitLogin()]
2019-08-30 14:12:21.903 DEBUG 832 --- [http-nio-8080-exec-5] o.s.web.servlet.DispatcherServlet        : Last-Modified value for [/guest/getMessage] is: -1
2019-08-30 14:12:21.906 DEBUG 832 --- [http-nio-8080-exec-5] m.m.a.RequestResponseBodyMethodProcessor : Written [{result=success, message=}] as "application/json" using [org.springframework.http.converter.json.MappingJackson2HttpMessageConverter@7ccfdaef]
2019-08-30 14:12:21.914 DEBUG 832 --- [http-nio-8080-exec-5] o.s.web.servlet.DispatcherServlet        : Null ModelAndView returned to DispatcherServlet with name 'dispatcherServlet': assuming HandlerAdapter completed request handling
2019-08-30 14:12:21.914 DEBUG 832 --- [http-nio-8080-exec-5] o.s.web.servlet.DispatcherServlet        : Successfully completed request
2019-08-30 14:12:50.567 DEBUG 832 --- [http-nio-8080-exec-7] o.s.web.servlet.DispatcherServlet        : DispatcherServlet with name 'dispatcherServlet' processing GET request for [/notLogin]
2019-08-30 14:12:50.567 DEBUG 832 --- [http-nio-8080-exec-7] s.w.s.m.m.a.RequestMappingHandlerMapping : Looking up handler method for path /notLogin
2019-08-30 14:12:50.568 DEBUG 832 --- [http-nio-8080-exec-7] s.w.s.m.m.a.RequestMappingHandlerMapping : Returning handler method [public com.howie.shiro.model.ResultMap com.howie.shiro.controller.LoginController.notLogin()]
2019-08-30 14:12:50.568 DEBUG 832 --- [http-nio-8080-exec-7] o.s.web.servlet.DispatcherServlet        : Last-Modified value for [/notLogin] is: -1
2019-08-30 14:12:50.569 DEBUG 832 --- [http-nio-8080-exec-7] m.m.a.RequestResponseBodyMethodProcessor : Written [{result=success, message=}] as "application/json" using [org.springframework.http.converter.json.MappingJackson2HttpMessageConverter@7ccfdaef]
2019-08-30 14:12:50.570 DEBUG 832 --- [http-nio-8080-exec-7] o.s.web.servlet.DispatcherServlet        : Null ModelAndView returned to DispatcherServlet with name 'dispatcherServlet': assuming HandlerAdapter completed request handling
2019-08-30 14:12:50.570 DEBUG 832 --- [http-nio-8080-exec-7] o.s.web.servlet.DispatcherServlet        : Successfully completed request
2019-08-30 14:19:50.827 DEBUG 832 --- [http-nio-8080-exec-10] o.s.web.servlet.DispatcherServlet        : DispatcherServlet with name 'dispatcherServlet' processing GET request for [/login]
2019-08-30 14:19:50.828 DEBUG 832 --- [http-nio-8080-exec-10] s.w.s.m.m.a.RequestMappingHandlerMapping : Looking up handler method for path /login
2019-08-30 14:19:50.829 DEBUG 832 --- [http-nio-8080-exec-10] .m.m.a.ExceptionHandlerExceptionResolver : Resolving exception from handler [null]: org.springframework.web.HttpRequestMethodNotSupportedException: Request method 'GET' not supported
2019-08-30 14:19:50.829 DEBUG 832 --- [http-nio-8080-exec-10] .w.s.m.a.ResponseStatusExceptionResolver : Resolving exception from handler [null]: org.springframework.web.HttpRequestMethodNotSupportedException: Request method 'GET' not supported
2019-08-30 14:19:50.829 DEBUG 832 --- [http-nio-8080-exec-10] .w.s.m.s.DefaultHandlerExceptionResolver : Resolving exception from handler [null]: org.springframework.web.HttpRequestMethodNotSupportedException: Request method 'GET' not supported
2019-08-30 14:19:50.829  WARN 832 --- [http-nio-8080-exec-10] o.s.web.servlet.PageNotFound             : Request method 'GET' not supported
2019-08-30 14:19:50.829 DEBUG 832 --- [http-nio-8080-exec-10] o.s.web.servlet.DispatcherServlet        : Null ModelAndView returned to DispatcherServlet with name 'dispatcherServlet': assuming HandlerAdapter completed request handling
2019-08-30 14:19:50.830 DEBUG 832 --- [http-nio-8080-exec-10] o.s.web.servlet.DispatcherServlet        : Successfully completed request
2019-08-30 14:19:50.831 DEBUG 832 --- [http-nio-8080-exec-10] o.s.web.servlet.DispatcherServlet        : DispatcherServlet with name 'dispatcherServlet' processing GET request for [/error]
2019-08-30 14:19:50.831 DEBUG 832 --- [http-nio-8080-exec-10] s.w.s.m.m.a.RequestMappingHandlerMapping : Looking up handler method for path /error
2019-08-30 14:19:50.832 DEBUG 832 --- [http-nio-8080-exec-10] s.w.s.m.m.a.RequestMappingHandlerMapping : Returning handler method [public org.springframework.http.ResponseEntity<java.util.Map<java.lang.String, java.lang.Object>> org.springframework.boot.autoconfigure.web.BasicErrorController.error(javax.servlet.http.HttpServletRequest)]
2019-08-30 14:19:50.832 DEBUG 832 --- [http-nio-8080-exec-10] o.s.web.servlet.DispatcherServlet        : Last-Modified value for [/error] is: -1
2019-08-30 14:19:50.834 DEBUG 832 --- [http-nio-8080-exec-10] o.s.w.s.m.m.a.HttpEntityMethodProcessor  : Written [{timestamp=Fri Aug 30 14:19:50 CST 2019, status=405, error=Method Not Allowed, exception=org.springframework.web.HttpRequestMethodNotSupportedException, message=Request method 'GET' not supported, path=/login}] as "application/json" using [org.springframework.http.converter.json.MappingJackson2HttpMessageConverter@7ccfdaef]
2019-08-30 14:19:50.835 DEBUG 832 --- [http-nio-8080-exec-10] o.s.web.servlet.DispatcherServlet        : Null ModelAndView returned to DispatcherServlet with name 'dispatcherServlet': assuming HandlerAdapter completed request handling
2019-08-30 14:19:50.835 DEBUG 832 --- [http-nio-8080-exec-10] o.s.web.servlet.DispatcherServlet        : Successfully completed request
2019-08-30 14:19:56.410 DEBUG 832 --- [http-nio-8080-exec-2] o.s.web.servlet.DispatcherServlet        : DispatcherServlet with name 'dispatcherServlet' processing POST request for [/login]
2019-08-30 14:19:56.413 DEBUG 832 --- [http-nio-8080-exec-2] s.w.s.m.m.a.RequestMappingHandlerMapping : Looking up handler method for path /login
2019-08-30 14:19:56.415 DEBUG 832 --- [http-nio-8080-exec-2] s.w.s.m.m.a.RequestMappingHandlerMapping : Returning handler method [public com.howie.shiro.model.ResultMap com.howie.shiro.controller.LoginController.login(java.lang.String,java.lang.String)]
2019-08-30 14:19:56.420 DEBUG 832 --- [http-nio-8080-exec-2] c.h.shiro.mapper.UserMapper.getPassword  : ==>  Preparing: SELECT password FROM user WHERE username = ? 
2019-08-30 14:19:56.421 DEBUG 832 --- [http-nio-8080-exec-2] c.h.shiro.mapper.UserMapper.getPassword  : ==> Parameters: z(String)
2019-08-30 14:19:56.431 DEBUG 832 --- [http-nio-8080-exec-2] c.h.shiro.mapper.UserMapper.getPassword  : <==      Total: 1
2019-08-30 14:19:56.435 DEBUG 832 --- [http-nio-8080-exec-2] c.howie.shiro.mapper.UserMapper.getRole  : ==>  Preparing: SELECT role FROM user WHERE username = ? 
2019-08-30 14:19:56.435 DEBUG 832 --- [http-nio-8080-exec-2] c.howie.shiro.mapper.UserMapper.getRole  : ==> Parameters: z(String)
2019-08-30 14:19:56.437 DEBUG 832 --- [http-nio-8080-exec-2] c.howie.shiro.mapper.UserMapper.getRole  : <==      Total: 1
2019-08-30 14:19:56.439 DEBUG 832 --- [http-nio-8080-exec-2] m.m.a.RequestResponseBodyMethodProcessor : Written [{result=success, message=}] as "application/json" using [org.springframework.http.converter.json.MappingJackson2HttpMessageConverter@7ccfdaef]
2019-08-30 14:19:56.440 DEBUG 832 --- [http-nio-8080-exec-2] o.s.web.servlet.DispatcherServlet        : Null ModelAndView returned to DispatcherServlet with name 'dispatcherServlet': assuming HandlerAdapter completed request handling
2019-08-30 14:19:56.440 DEBUG 832 --- [http-nio-8080-exec-2] o.s.web.servlet.DispatcherServlet        : Successfully completed request
2019-08-30 14:20:45.385 DEBUG 832 --- [http-nio-8080-exec-1] o.s.web.servlet.DispatcherServlet        : DispatcherServlet with name 'dispatcherServlet' processing POST request for [/login]
2019-08-30 14:20:45.385 DEBUG 832 --- [http-nio-8080-exec-1] s.w.s.m.m.a.RequestMappingHandlerMapping : Looking up handler method for path /login
2019-08-30 14:20:45.385 DEBUG 832 --- [http-nio-8080-exec-1] s.w.s.m.m.a.RequestMappingHandlerMapping : Returning handler method [public com.howie.shiro.model.ResultMap com.howie.shiro.controller.LoginController.login(java.lang.String,java.lang.String)]
2019-08-30 14:20:45.387 DEBUG 832 --- [http-nio-8080-exec-1] c.h.shiro.mapper.UserMapper.getPassword  : ==>  Preparing: SELECT password FROM user WHERE username = ? 
2019-08-30 14:20:45.387 DEBUG 832 --- [http-nio-8080-exec-1] c.h.shiro.mapper.UserMapper.getPassword  : ==> Parameters: zy(String)
2019-08-30 14:20:45.389 DEBUG 832 --- [http-nio-8080-exec-1] c.h.shiro.mapper.UserMapper.getPassword  : <==      Total: 1
2019-08-30 14:20:45.391 DEBUG 832 --- [http-nio-8080-exec-1] c.howie.shiro.mapper.UserMapper.getRole  : ==>  Preparing: SELECT role FROM user WHERE username = ? 
2019-08-30 14:20:45.392 DEBUG 832 --- [http-nio-8080-exec-1] c.howie.shiro.mapper.UserMapper.getRole  : ==> Parameters: zy(String)
2019-08-30 14:20:45.393 DEBUG 832 --- [http-nio-8080-exec-1] c.howie.shiro.mapper.UserMapper.getRole  : <==      Total: 1
2019-08-30 14:20:45.395 DEBUG 832 --- [http-nio-8080-exec-1] m.m.a.RequestResponseBodyMethodProcessor : Written [{result=success, message=}] as "application/json" using [org.springframework.http.converter.json.MappingJackson2HttpMessageConverter@7ccfdaef]
2019-08-30 14:20:45.395 DEBUG 832 --- [http-nio-8080-exec-1] o.s.web.servlet.DispatcherServlet        : Null ModelAndView returned to DispatcherServlet with name 'dispatcherServlet': assuming HandlerAdapter completed request handling
2019-08-30 14:20:45.395 DEBUG 832 --- [http-nio-8080-exec-1] o.s.web.servlet.DispatcherServlet        : Successfully completed request
2019-08-30 14:21:09.231 DEBUG 832 --- [http-nio-8080-exec-4] c.howie.shiro.mapper.UserMapper.getRole  : ==>  Preparing: SELECT role FROM user WHERE username = ? 
2019-08-30 14:21:09.232 DEBUG 832 --- [http-nio-8080-exec-4] c.howie.shiro.mapper.UserMapper.getRole  : ==> Parameters: zy(String)
2019-08-30 14:21:09.233 DEBUG 832 --- [http-nio-8080-exec-4] c.howie.shiro.mapper.UserMapper.getRole  : <==      Total: 1
2019-08-30 14:21:09.239 DEBUG 832 --- [http-nio-8080-exec-3] o.s.web.servlet.DispatcherServlet        : DispatcherServlet with name 'dispatcherServlet' processing GET request for [/notRole]
2019-08-30 14:21:09.239 DEBUG 832 --- [http-nio-8080-exec-3] s.w.s.m.m.a.RequestMappingHandlerMapping : Looking up handler method for path /notRole
2019-08-30 14:21:09.239 DEBUG 832 --- [http-nio-8080-exec-3] s.w.s.m.m.a.RequestMappingHandlerMapping : Returning handler method [public com.howie.shiro.model.ResultMap com.howie.shiro.controller.LoginController.notRole()]
2019-08-30 14:21:09.239 DEBUG 832 --- [http-nio-8080-exec-3] o.s.web.servlet.DispatcherServlet        : Last-Modified value for [/notRole] is: -1
2019-08-30 14:21:09.241 DEBUG 832 --- [http-nio-8080-exec-3] m.m.a.RequestResponseBodyMethodProcessor : Written [{result=success, message=}] as "application/json" using [org.springframework.http.converter.json.MappingJackson2HttpMessageConverter@7ccfdaef]
2019-08-30 14:21:09.242 DEBUG 832 --- [http-nio-8080-exec-3] o.s.web.servlet.DispatcherServlet        : Null ModelAndView returned to DispatcherServlet with name 'dispatcherServlet': assuming HandlerAdapter completed request handling
2019-08-30 14:21:09.242 DEBUG 832 --- [http-nio-8080-exec-3] o.s.web.servlet.DispatcherServlet        : Successfully completed request
2019-08-30 14:21:50.715 DEBUG 832 --- [http-nio-8080-exec-5] c.howie.shiro.mapper.UserMapper.getRole  : ==>  Preparing: SELECT role FROM user WHERE username = ? 
2019-08-30 14:21:50.715 DEBUG 832 --- [http-nio-8080-exec-5] c.howie.shiro.mapper.UserMapper.getRole  : ==> Parameters: zy(String)
2019-08-30 14:21:50.717 DEBUG 832 --- [http-nio-8080-exec-5] c.howie.shiro.mapper.UserMapper.getRole  : <==      Total: 1
2019-08-30 14:21:50.718 DEBUG 832 --- [http-nio-8080-exec-5] o.s.web.servlet.DispatcherServlet        : DispatcherServlet with name 'dispatcherServlet' processing GET request for [/admin/getMessage]
2019-08-30 14:21:50.718 DEBUG 832 --- [http-nio-8080-exec-5] s.w.s.m.m.a.RequestMappingHandlerMapping : Looking up handler method for path /admin/getMessage
2019-08-30 14:21:50.718 DEBUG 832 --- [http-nio-8080-exec-5] s.w.s.m.m.a.RequestMappingHandlerMapping : Returning handler method [public com.howie.shiro.model.ResultMap com.howie.shiro.controller.AdminController.getMessage()]
2019-08-30 14:21:50.718 DEBUG 832 --- [http-nio-8080-exec-5] o.s.web.servlet.DispatcherServlet        : Last-Modified value for [/admin/getMessage] is: -1
2019-08-30 14:21:50.721 DEBUG 832 --- [http-nio-8080-exec-5] m.m.a.RequestResponseBodyMethodProcessor : Written [{result=success, message=}] as "application/json" using [org.springframework.http.converter.json.MappingJackson2HttpMessageConverter@7ccfdaef]
2019-08-30 14:21:50.721 DEBUG 832 --- [http-nio-8080-exec-5] o.s.web.servlet.DispatcherServlet        : Null ModelAndView returned to DispatcherServlet with name 'dispatcherServlet': assuming HandlerAdapter completed request handling
2019-08-30 14:21:50.721 DEBUG 832 --- [http-nio-8080-exec-5] o.s.web.servlet.DispatcherServlet        : Successfully completed request
2019-08-30 14:22:06.217 DEBUG 832 --- [http-nio-8080-exec-6] c.howie.shiro.mapper.UserMapper.getRole  : ==>  Preparing: SELECT role FROM user WHERE username = ? 
2019-08-30 14:22:06.218 DEBUG 832 --- [http-nio-8080-exec-6] c.howie.shiro.mapper.UserMapper.getRole  : ==> Parameters: zy(String)
2019-08-30 14:22:06.219 DEBUG 832 --- [http-nio-8080-exec-6] c.howie.shiro.mapper.UserMapper.getRole  : <==      Total: 1
2019-08-30 14:22:06.219 DEBUG 832 --- [http-nio-8080-exec-6] o.s.web.servlet.DispatcherServlet        : DispatcherServlet with name 'dispatcherServlet' processing GET request for [/admin/getMessage]
2019-08-30 14:22:06.219 DEBUG 832 --- [http-nio-8080-exec-6] s.w.s.m.m.a.RequestMappingHandlerMapping : Looking up handler method for path /admin/getMessage
2019-08-30 14:22:06.220 DEBUG 832 --- [http-nio-8080-exec-6] s.w.s.m.m.a.RequestMappingHandlerMapping : Returning handler method [public com.howie.shiro.model.ResultMap com.howie.shiro.controller.AdminController.getMessage()]
2019-08-30 14:22:06.220 DEBUG 832 --- [http-nio-8080-exec-6] o.s.web.servlet.DispatcherServlet        : Last-Modified value for [/admin/getMessage] is: -1
2019-08-30 14:22:06.223 DEBUG 832 --- [http-nio-8080-exec-6] m.m.a.RequestResponseBodyMethodProcessor : Written [{result=success, message=}] as "application/json" using [org.springframework.http.converter.json.MappingJackson2HttpMessageConverter@7ccfdaef]
2019-08-30 14:22:06.223 DEBUG 832 --- [http-nio-8080-exec-6] o.s.web.servlet.DispatcherServlet        : Null ModelAndView returned to DispatcherServlet with name 'dispatcherServlet': assuming HandlerAdapter completed request handling
2019-08-30 14:22:06.223 DEBUG 832 --- [http-nio-8080-exec-6] o.s.web.servlet.DispatcherServlet        : Successfully completed request
2019-08-30 14:22:16.308 DEBUG 832 --- [http-nio-8080-exec-7] o.s.web.servlet.DispatcherServlet        : DispatcherServlet with name 'dispatcherServlet' processing GET request for [/logout]
2019-08-30 14:22:16.308 DEBUG 832 --- [http-nio-8080-exec-7] s.w.s.m.m.a.RequestMappingHandlerMapping : Looking up handler method for path /logout
2019-08-30 14:22:16.309 DEBUG 832 --- [http-nio-8080-exec-7] s.w.s.m.m.a.RequestMappingHandlerMapping : Returning handler method [public com.howie.shiro.model.ResultMap com.howie.shiro.controller.LoginController.logout()]
2019-08-30 14:22:16.309 DEBUG 832 --- [http-nio-8080-exec-7] o.s.web.servlet.DispatcherServlet        : Last-Modified value for [/logout] is: -1
2019-08-30 14:22:16.312 DEBUG 832 --- [http-nio-8080-exec-7] m.m.a.RequestResponseBodyMethodProcessor : Written [{result=success, message=}] as "application/json" using [org.springframework.http.converter.json.MappingJackson2HttpMessageConverter@7ccfdaef]
2019-08-30 14:22:16.312 DEBUG 832 --- [http-nio-8080-exec-7] o.s.web.servlet.DispatcherServlet        : Null ModelAndView returned to DispatcherServlet with name 'dispatcherServlet': assuming HandlerAdapter completed request handling
2019-08-30 14:22:16.312 DEBUG 832 --- [http-nio-8080-exec-7] o.s.web.servlet.DispatcherServlet        : Successfully completed request
2019-08-30 14:22:40.377 DEBUG 832 --- [http-nio-8080-exec-9] o.s.web.servlet.DispatcherServlet        : DispatcherServlet with name 'dispatcherServlet' processing GET request for [/notLogin]
2019-08-30 14:22:40.377 DEBUG 832 --- [http-nio-8080-exec-9] s.w.s.m.m.a.RequestMappingHandlerMapping : Looking up handler method for path /notLogin
2019-08-30 14:22:40.378 DEBUG 832 --- [http-nio-8080-exec-9] s.w.s.m.m.a.RequestMappingHandlerMapping : Returning handler method [public com.howie.shiro.model.ResultMap com.howie.shiro.controller.LoginController.notLogin()]
2019-08-30 14:22:40.378 DEBUG 832 --- [http-nio-8080-exec-9] o.s.web.servlet.DispatcherServlet        : Last-Modified value for [/notLogin] is: -1
2019-08-30 14:22:40.380 DEBUG 832 --- [http-nio-8080-exec-9] m.m.a.RequestResponseBodyMethodProcessor : Written [{result=success, message=}] as "application/json" using [org.springframework.http.converter.json.MappingJackson2HttpMessageConverter@7ccfdaef]
2019-08-30 14:22:40.380 DEBUG 832 --- [http-nio-8080-exec-9] o.s.web.servlet.DispatcherServlet        : Null ModelAndView returned to DispatcherServlet with name 'dispatcherServlet': assuming HandlerAdapter completed request handling
2019-08-30 14:22:40.380 DEBUG 832 --- [http-nio-8080-exec-9] o.s.web.servlet.DispatcherServlet        : Successfully completed request
